ARM GAS  /tmp/cca0JcEC.s 			page 1


   1              		.cpu cortex-m0plus
   2              		.eabi_attribute 20, 1
   3              		.eabi_attribute 21, 1
   4              		.eabi_attribute 23, 3
   5              		.eabi_attribute 24, 1
   6              		.eabi_attribute 25, 1
   7              		.eabi_attribute 26, 1
   8              		.eabi_attribute 30, 1
   9              		.eabi_attribute 34, 0
  10              		.eabi_attribute 18, 4
  11              		.file	"stm32l0xx_ll_crc.c"
  12              		.text
  13              	.Ltext0:
  14              		.cfi_sections	.debug_frame
  15              		.section	.text.LL_CRC_DeInit,"ax",%progbits
  16              		.align	1
  17              		.global	LL_CRC_DeInit
  18              		.syntax unified
  19              		.code	16
  20              		.thumb_func
  21              		.fpu softvfp
  23              	LL_CRC_DeInit:
  24              	.LFB87:
  25              		.file 1 "./Drivers/STM32L0xx_HAL_Driver/Src/stm32l0xx_ll_crc.c"
   1:./Drivers/STM32L0xx_HAL_Driver/Src/stm32l0xx_ll_crc.c **** /**
   2:./Drivers/STM32L0xx_HAL_Driver/Src/stm32l0xx_ll_crc.c ****   ******************************************************************************
   3:./Drivers/STM32L0xx_HAL_Driver/Src/stm32l0xx_ll_crc.c ****   * @file    stm32l0xx_ll_crc.c
   4:./Drivers/STM32L0xx_HAL_Driver/Src/stm32l0xx_ll_crc.c ****   * @author  MCD Application Team
   5:./Drivers/STM32L0xx_HAL_Driver/Src/stm32l0xx_ll_crc.c ****   * @brief   CRC LL module driver.
   6:./Drivers/STM32L0xx_HAL_Driver/Src/stm32l0xx_ll_crc.c ****   ******************************************************************************
   7:./Drivers/STM32L0xx_HAL_Driver/Src/stm32l0xx_ll_crc.c ****   * @attention
   8:./Drivers/STM32L0xx_HAL_Driver/Src/stm32l0xx_ll_crc.c ****   *
   9:./Drivers/STM32L0xx_HAL_Driver/Src/stm32l0xx_ll_crc.c ****   * <h2><center>&copy; COPYRIGHT(c) 2016 STMicroelectronics</center></h2>
  10:./Drivers/STM32L0xx_HAL_Driver/Src/stm32l0xx_ll_crc.c ****   *
  11:./Drivers/STM32L0xx_HAL_Driver/Src/stm32l0xx_ll_crc.c ****   * Redistribution and use in source and binary forms, with or without modification,
  12:./Drivers/STM32L0xx_HAL_Driver/Src/stm32l0xx_ll_crc.c ****   * are permitted provided that the following conditions are met:
  13:./Drivers/STM32L0xx_HAL_Driver/Src/stm32l0xx_ll_crc.c ****   *   1. Redistributions of source code must retain the above copyright notice,
  14:./Drivers/STM32L0xx_HAL_Driver/Src/stm32l0xx_ll_crc.c ****   *      this list of conditions and the following disclaimer.
  15:./Drivers/STM32L0xx_HAL_Driver/Src/stm32l0xx_ll_crc.c ****   *   2. Redistributions in binary form must reproduce the above copyright notice,
  16:./Drivers/STM32L0xx_HAL_Driver/Src/stm32l0xx_ll_crc.c ****   *      this list of conditions and the following disclaimer in the documentation
  17:./Drivers/STM32L0xx_HAL_Driver/Src/stm32l0xx_ll_crc.c ****   *      and/or other materials provided with the distribution.
  18:./Drivers/STM32L0xx_HAL_Driver/Src/stm32l0xx_ll_crc.c ****   *   3. Neither the name of STMicroelectronics nor the names of its contributors
  19:./Drivers/STM32L0xx_HAL_Driver/Src/stm32l0xx_ll_crc.c ****   *      may be used to endorse or promote products derived from this software
  20:./Drivers/STM32L0xx_HAL_Driver/Src/stm32l0xx_ll_crc.c ****   *      without specific prior written permission.
  21:./Drivers/STM32L0xx_HAL_Driver/Src/stm32l0xx_ll_crc.c ****   *
  22:./Drivers/STM32L0xx_HAL_Driver/Src/stm32l0xx_ll_crc.c ****   * THIS SOFTWARE IS PROVIDED BY THE COPYRIGHT HOLDERS AND CONTRIBUTORS "AS IS"
  23:./Drivers/STM32L0xx_HAL_Driver/Src/stm32l0xx_ll_crc.c ****   * AND ANY EXPRESS OR IMPLIED WARRANTIES, INCLUDING, BUT NOT LIMITED TO, THE
  24:./Drivers/STM32L0xx_HAL_Driver/Src/stm32l0xx_ll_crc.c ****   * IMPLIED WARRANTIES OF MERCHANTABILITY AND FITNESS FOR A PARTICULAR PURPOSE ARE
  25:./Drivers/STM32L0xx_HAL_Driver/Src/stm32l0xx_ll_crc.c ****   * DISCLAIMED. IN NO EVENT SHALL THE COPYRIGHT HOLDER OR CONTRIBUTORS BE LIABLE
  26:./Drivers/STM32L0xx_HAL_Driver/Src/stm32l0xx_ll_crc.c ****   * FOR ANY DIRECT, INDIRECT, INCIDENTAL, SPECIAL, EXEMPLARY, OR CONSEQUENTIAL
  27:./Drivers/STM32L0xx_HAL_Driver/Src/stm32l0xx_ll_crc.c ****   * DAMAGES (INCLUDING, BUT NOT LIMITED TO, PROCUREMENT OF SUBSTITUTE GOODS OR
  28:./Drivers/STM32L0xx_HAL_Driver/Src/stm32l0xx_ll_crc.c ****   * SERVICES; LOSS OF USE, DATA, OR PROFITS; OR BUSINESS INTERRUPTION) HOWEVER
  29:./Drivers/STM32L0xx_HAL_Driver/Src/stm32l0xx_ll_crc.c ****   * CAUSED AND ON ANY THEORY OF LIABILITY, WHETHER IN CONTRACT, STRICT LIABILITY,
  30:./Drivers/STM32L0xx_HAL_Driver/Src/stm32l0xx_ll_crc.c ****   * OR TORT (INCLUDING NEGLIGENCE OR OTHERWISE) ARISING IN ANY WAY OUT OF THE USE
  31:./Drivers/STM32L0xx_HAL_Driver/Src/stm32l0xx_ll_crc.c ****   * OF THIS SOFTWARE, EVEN IF ADVISED OF THE POSSIBILITY OF SUCH DAMAGE.
  32:./Drivers/STM32L0xx_HAL_Driver/Src/stm32l0xx_ll_crc.c ****   *
  33:./Drivers/STM32L0xx_HAL_Driver/Src/stm32l0xx_ll_crc.c ****   ******************************************************************************
ARM GAS  /tmp/cca0JcEC.s 			page 2


  34:./Drivers/STM32L0xx_HAL_Driver/Src/stm32l0xx_ll_crc.c ****   */
  35:./Drivers/STM32L0xx_HAL_Driver/Src/stm32l0xx_ll_crc.c **** #if defined(USE_FULL_LL_DRIVER)
  36:./Drivers/STM32L0xx_HAL_Driver/Src/stm32l0xx_ll_crc.c **** 
  37:./Drivers/STM32L0xx_HAL_Driver/Src/stm32l0xx_ll_crc.c **** /* Includes ------------------------------------------------------------------*/
  38:./Drivers/STM32L0xx_HAL_Driver/Src/stm32l0xx_ll_crc.c **** #include "stm32l0xx_ll_crc.h"
  39:./Drivers/STM32L0xx_HAL_Driver/Src/stm32l0xx_ll_crc.c **** #include "stm32l0xx_ll_bus.h"
  40:./Drivers/STM32L0xx_HAL_Driver/Src/stm32l0xx_ll_crc.c **** 
  41:./Drivers/STM32L0xx_HAL_Driver/Src/stm32l0xx_ll_crc.c **** #ifdef  USE_FULL_ASSERT
  42:./Drivers/STM32L0xx_HAL_Driver/Src/stm32l0xx_ll_crc.c **** #include "stm32_assert.h"
  43:./Drivers/STM32L0xx_HAL_Driver/Src/stm32l0xx_ll_crc.c **** #else
  44:./Drivers/STM32L0xx_HAL_Driver/Src/stm32l0xx_ll_crc.c **** #define assert_param(expr) ((void)0U)
  45:./Drivers/STM32L0xx_HAL_Driver/Src/stm32l0xx_ll_crc.c **** #endif
  46:./Drivers/STM32L0xx_HAL_Driver/Src/stm32l0xx_ll_crc.c **** 
  47:./Drivers/STM32L0xx_HAL_Driver/Src/stm32l0xx_ll_crc.c **** /** @addtogroup STM32L0xx_LL_Driver
  48:./Drivers/STM32L0xx_HAL_Driver/Src/stm32l0xx_ll_crc.c ****   * @{
  49:./Drivers/STM32L0xx_HAL_Driver/Src/stm32l0xx_ll_crc.c ****   */
  50:./Drivers/STM32L0xx_HAL_Driver/Src/stm32l0xx_ll_crc.c **** 
  51:./Drivers/STM32L0xx_HAL_Driver/Src/stm32l0xx_ll_crc.c **** #if defined (CRC)
  52:./Drivers/STM32L0xx_HAL_Driver/Src/stm32l0xx_ll_crc.c **** 
  53:./Drivers/STM32L0xx_HAL_Driver/Src/stm32l0xx_ll_crc.c **** /** @addtogroup CRC_LL
  54:./Drivers/STM32L0xx_HAL_Driver/Src/stm32l0xx_ll_crc.c ****   * @{
  55:./Drivers/STM32L0xx_HAL_Driver/Src/stm32l0xx_ll_crc.c ****   */
  56:./Drivers/STM32L0xx_HAL_Driver/Src/stm32l0xx_ll_crc.c **** 
  57:./Drivers/STM32L0xx_HAL_Driver/Src/stm32l0xx_ll_crc.c **** /* Private types -------------------------------------------------------------*/
  58:./Drivers/STM32L0xx_HAL_Driver/Src/stm32l0xx_ll_crc.c **** /* Private variables ---------------------------------------------------------*/
  59:./Drivers/STM32L0xx_HAL_Driver/Src/stm32l0xx_ll_crc.c **** /* Private constants ---------------------------------------------------------*/
  60:./Drivers/STM32L0xx_HAL_Driver/Src/stm32l0xx_ll_crc.c **** /* Private macros ------------------------------------------------------------*/
  61:./Drivers/STM32L0xx_HAL_Driver/Src/stm32l0xx_ll_crc.c **** /* Private function prototypes -----------------------------------------------*/
  62:./Drivers/STM32L0xx_HAL_Driver/Src/stm32l0xx_ll_crc.c **** 
  63:./Drivers/STM32L0xx_HAL_Driver/Src/stm32l0xx_ll_crc.c **** /* Exported functions --------------------------------------------------------*/
  64:./Drivers/STM32L0xx_HAL_Driver/Src/stm32l0xx_ll_crc.c **** /** @addtogroup CRC_LL_Exported_Functions
  65:./Drivers/STM32L0xx_HAL_Driver/Src/stm32l0xx_ll_crc.c ****   * @{
  66:./Drivers/STM32L0xx_HAL_Driver/Src/stm32l0xx_ll_crc.c ****   */
  67:./Drivers/STM32L0xx_HAL_Driver/Src/stm32l0xx_ll_crc.c **** 
  68:./Drivers/STM32L0xx_HAL_Driver/Src/stm32l0xx_ll_crc.c **** /** @addtogroup CRC_LL_EF_Init
  69:./Drivers/STM32L0xx_HAL_Driver/Src/stm32l0xx_ll_crc.c ****   * @{
  70:./Drivers/STM32L0xx_HAL_Driver/Src/stm32l0xx_ll_crc.c ****   */
  71:./Drivers/STM32L0xx_HAL_Driver/Src/stm32l0xx_ll_crc.c **** 
  72:./Drivers/STM32L0xx_HAL_Driver/Src/stm32l0xx_ll_crc.c **** /**
  73:./Drivers/STM32L0xx_HAL_Driver/Src/stm32l0xx_ll_crc.c ****   * @brief  De-initialize CRC registers (Registers restored to their default values).
  74:./Drivers/STM32L0xx_HAL_Driver/Src/stm32l0xx_ll_crc.c ****   * @param  CRCx CRC Instance
  75:./Drivers/STM32L0xx_HAL_Driver/Src/stm32l0xx_ll_crc.c ****   * @retval An ErrorStatus enumeration value:
  76:./Drivers/STM32L0xx_HAL_Driver/Src/stm32l0xx_ll_crc.c ****   *          - SUCCESS: CRC registers are de-initialized
  77:./Drivers/STM32L0xx_HAL_Driver/Src/stm32l0xx_ll_crc.c ****   *          - ERROR: CRC registers are not de-initialized
  78:./Drivers/STM32L0xx_HAL_Driver/Src/stm32l0xx_ll_crc.c ****   */
  79:./Drivers/STM32L0xx_HAL_Driver/Src/stm32l0xx_ll_crc.c **** ErrorStatus LL_CRC_DeInit(CRC_TypeDef *CRCx)
  80:./Drivers/STM32L0xx_HAL_Driver/Src/stm32l0xx_ll_crc.c **** {
  26              		.loc 1 80 0
  27              		.cfi_startproc
  28              		@ args = 0, pretend = 0, frame = 0
  29              		@ frame_needed = 0, uses_anonymous_args = 0
  30              		@ link register save eliminated.
  31              	.LVL0:
  81:./Drivers/STM32L0xx_HAL_Driver/Src/stm32l0xx_ll_crc.c ****   ErrorStatus status = SUCCESS;
  82:./Drivers/STM32L0xx_HAL_Driver/Src/stm32l0xx_ll_crc.c **** 
  83:./Drivers/STM32L0xx_HAL_Driver/Src/stm32l0xx_ll_crc.c ****   /* Check the parameters */
  84:./Drivers/STM32L0xx_HAL_Driver/Src/stm32l0xx_ll_crc.c ****   assert_param(IS_CRC_ALL_INSTANCE(CRCx));
ARM GAS  /tmp/cca0JcEC.s 			page 3


  85:./Drivers/STM32L0xx_HAL_Driver/Src/stm32l0xx_ll_crc.c **** 
  86:./Drivers/STM32L0xx_HAL_Driver/Src/stm32l0xx_ll_crc.c ****   if (CRCx == CRC)
  32              		.loc 1 86 0
  33 0000 084B     		ldr	r3, .L5
  34 0002 9842     		cmp	r0, r3
  35 0004 01D0     		beq	.L4
  87:./Drivers/STM32L0xx_HAL_Driver/Src/stm32l0xx_ll_crc.c ****   {
  88:./Drivers/STM32L0xx_HAL_Driver/Src/stm32l0xx_ll_crc.c ****     /* Force CRC reset */
  89:./Drivers/STM32L0xx_HAL_Driver/Src/stm32l0xx_ll_crc.c ****     LL_AHB1_GRP1_ForceReset(LL_AHB1_GRP1_PERIPH_CRC);
  90:./Drivers/STM32L0xx_HAL_Driver/Src/stm32l0xx_ll_crc.c **** 
  91:./Drivers/STM32L0xx_HAL_Driver/Src/stm32l0xx_ll_crc.c ****     /* Release CRC reset */
  92:./Drivers/STM32L0xx_HAL_Driver/Src/stm32l0xx_ll_crc.c ****     LL_AHB1_GRP1_ReleaseReset(LL_AHB1_GRP1_PERIPH_CRC);
  93:./Drivers/STM32L0xx_HAL_Driver/Src/stm32l0xx_ll_crc.c ****   }
  94:./Drivers/STM32L0xx_HAL_Driver/Src/stm32l0xx_ll_crc.c ****   else
  95:./Drivers/STM32L0xx_HAL_Driver/Src/stm32l0xx_ll_crc.c ****   {
  96:./Drivers/STM32L0xx_HAL_Driver/Src/stm32l0xx_ll_crc.c ****     status = ERROR;
  36              		.loc 1 96 0
  37 0006 0020     		movs	r0, #0
  38              	.LVL1:
  39              	.L2:
  97:./Drivers/STM32L0xx_HAL_Driver/Src/stm32l0xx_ll_crc.c ****   }
  98:./Drivers/STM32L0xx_HAL_Driver/Src/stm32l0xx_ll_crc.c **** 
  99:./Drivers/STM32L0xx_HAL_Driver/Src/stm32l0xx_ll_crc.c ****   return (status);
 100:./Drivers/STM32L0xx_HAL_Driver/Src/stm32l0xx_ll_crc.c **** }
  40              		.loc 1 100 0
  41              		@ sp needed
  42 0008 7047     		bx	lr
  43              	.LVL2:
  44              	.L4:
  45              	.LBB6:
  46              	.LBB7:
  47              		.file 2 "Drivers/STM32L0xx_HAL_Driver/Inc/stm32l0xx_ll_bus.h"
   1:Drivers/STM32L0xx_HAL_Driver/Inc/stm32l0xx_ll_bus.h **** /**
   2:Drivers/STM32L0xx_HAL_Driver/Inc/stm32l0xx_ll_bus.h ****   ******************************************************************************
   3:Drivers/STM32L0xx_HAL_Driver/Inc/stm32l0xx_ll_bus.h ****   * @file    stm32l0xx_ll_bus.h
   4:Drivers/STM32L0xx_HAL_Driver/Inc/stm32l0xx_ll_bus.h ****   * @author  MCD Application Team
   5:Drivers/STM32L0xx_HAL_Driver/Inc/stm32l0xx_ll_bus.h ****   * @brief   Header file of BUS LL module.
   6:Drivers/STM32L0xx_HAL_Driver/Inc/stm32l0xx_ll_bus.h **** 
   7:Drivers/STM32L0xx_HAL_Driver/Inc/stm32l0xx_ll_bus.h ****   @verbatim                
   8:Drivers/STM32L0xx_HAL_Driver/Inc/stm32l0xx_ll_bus.h ****                       ##### RCC Limitations #####
   9:Drivers/STM32L0xx_HAL_Driver/Inc/stm32l0xx_ll_bus.h ****   ==============================================================================
  10:Drivers/STM32L0xx_HAL_Driver/Inc/stm32l0xx_ll_bus.h ****     [..]  
  11:Drivers/STM32L0xx_HAL_Driver/Inc/stm32l0xx_ll_bus.h ****       A delay between an RCC peripheral clock enable and the effective peripheral 
  12:Drivers/STM32L0xx_HAL_Driver/Inc/stm32l0xx_ll_bus.h ****       enabling should be taken into account in order to manage the peripheral read/write 
  13:Drivers/STM32L0xx_HAL_Driver/Inc/stm32l0xx_ll_bus.h ****       from/to registers.
  14:Drivers/STM32L0xx_HAL_Driver/Inc/stm32l0xx_ll_bus.h ****       (+) This delay depends on the peripheral mapping.
  15:Drivers/STM32L0xx_HAL_Driver/Inc/stm32l0xx_ll_bus.h ****         (++) AHB & APB peripherals, 1 dummy read is necessary
  16:Drivers/STM32L0xx_HAL_Driver/Inc/stm32l0xx_ll_bus.h **** 
  17:Drivers/STM32L0xx_HAL_Driver/Inc/stm32l0xx_ll_bus.h ****     [..]  
  18:Drivers/STM32L0xx_HAL_Driver/Inc/stm32l0xx_ll_bus.h ****       Workarounds:
  19:Drivers/STM32L0xx_HAL_Driver/Inc/stm32l0xx_ll_bus.h ****       (#) For AHB & APB peripherals, a dummy read to the peripheral register has been
  20:Drivers/STM32L0xx_HAL_Driver/Inc/stm32l0xx_ll_bus.h ****           inserted in each LL_{BUS}_GRP{x}_EnableClock() function.
  21:Drivers/STM32L0xx_HAL_Driver/Inc/stm32l0xx_ll_bus.h **** 
  22:Drivers/STM32L0xx_HAL_Driver/Inc/stm32l0xx_ll_bus.h ****   @endverbatim
  23:Drivers/STM32L0xx_HAL_Driver/Inc/stm32l0xx_ll_bus.h ****   ******************************************************************************
  24:Drivers/STM32L0xx_HAL_Driver/Inc/stm32l0xx_ll_bus.h ****   * @attention
  25:Drivers/STM32L0xx_HAL_Driver/Inc/stm32l0xx_ll_bus.h ****   *
ARM GAS  /tmp/cca0JcEC.s 			page 4


  26:Drivers/STM32L0xx_HAL_Driver/Inc/stm32l0xx_ll_bus.h ****   * <h2><center>&copy; COPYRIGHT(c) 2016 STMicroelectronics</center></h2>
  27:Drivers/STM32L0xx_HAL_Driver/Inc/stm32l0xx_ll_bus.h ****   *
  28:Drivers/STM32L0xx_HAL_Driver/Inc/stm32l0xx_ll_bus.h ****   * Redistribution and use in source and binary forms, with or without modification,
  29:Drivers/STM32L0xx_HAL_Driver/Inc/stm32l0xx_ll_bus.h ****   * are permitted provided that the following conditions are met:
  30:Drivers/STM32L0xx_HAL_Driver/Inc/stm32l0xx_ll_bus.h ****   *   1. Redistributions of source code must retain the above copyright notice,
  31:Drivers/STM32L0xx_HAL_Driver/Inc/stm32l0xx_ll_bus.h ****   *      this list of conditions and the following disclaimer.
  32:Drivers/STM32L0xx_HAL_Driver/Inc/stm32l0xx_ll_bus.h ****   *   2. Redistributions in binary form must reproduce the above copyright notice,
  33:Drivers/STM32L0xx_HAL_Driver/Inc/stm32l0xx_ll_bus.h ****   *      this list of conditions and the following disclaimer in the documentation
  34:Drivers/STM32L0xx_HAL_Driver/Inc/stm32l0xx_ll_bus.h ****   *      and/or other materials provided with the distribution.
  35:Drivers/STM32L0xx_HAL_Driver/Inc/stm32l0xx_ll_bus.h ****   *   3. Neither the name of STMicroelectronics nor the names of its contributors
  36:Drivers/STM32L0xx_HAL_Driver/Inc/stm32l0xx_ll_bus.h ****   *      may be used to endorse or promote products derived from this software
  37:Drivers/STM32L0xx_HAL_Driver/Inc/stm32l0xx_ll_bus.h ****   *      without specific prior written permission.
  38:Drivers/STM32L0xx_HAL_Driver/Inc/stm32l0xx_ll_bus.h ****   *
  39:Drivers/STM32L0xx_HAL_Driver/Inc/stm32l0xx_ll_bus.h ****   * THIS SOFTWARE IS PROVIDED BY THE COPYRIGHT HOLDERS AND CONTRIBUTORS "AS IS"
  40:Drivers/STM32L0xx_HAL_Driver/Inc/stm32l0xx_ll_bus.h ****   * AND ANY EXPRESS OR IMPLIED WARRANTIES, INCLUDING, BUT NOT LIMITED TO, THE
  41:Drivers/STM32L0xx_HAL_Driver/Inc/stm32l0xx_ll_bus.h ****   * IMPLIED WARRANTIES OF MERCHANTABILITY AND FITNESS FOR A PARTICULAR PURPOSE ARE
  42:Drivers/STM32L0xx_HAL_Driver/Inc/stm32l0xx_ll_bus.h ****   * DISCLAIMED. IN NO EVENT SHALL THE COPYRIGHT HOLDER OR CONTRIBUTORS BE LIABLE
  43:Drivers/STM32L0xx_HAL_Driver/Inc/stm32l0xx_ll_bus.h ****   * FOR ANY DIRECT, INDIRECT, INCIDENTAL, SPECIAL, EXEMPLARY, OR CONSEQUENTIAL
  44:Drivers/STM32L0xx_HAL_Driver/Inc/stm32l0xx_ll_bus.h ****   * DAMAGES (INCLUDING, BUT NOT LIMITED TO, PROCUREMENT OF SUBSTITUTE GOODS OR
  45:Drivers/STM32L0xx_HAL_Driver/Inc/stm32l0xx_ll_bus.h ****   * SERVICES; LOSS OF USE, DATA, OR PROFITS; OR BUSINESS INTERRUPTION) HOWEVER
  46:Drivers/STM32L0xx_HAL_Driver/Inc/stm32l0xx_ll_bus.h ****   * CAUSED AND ON ANY THEORY OF LIABILITY, WHETHER IN CONTRACT, STRICT LIABILITY,
  47:Drivers/STM32L0xx_HAL_Driver/Inc/stm32l0xx_ll_bus.h ****   * OR TORT (INCLUDING NEGLIGENCE OR OTHERWISE) ARISING IN ANY WAY OUT OF THE USE
  48:Drivers/STM32L0xx_HAL_Driver/Inc/stm32l0xx_ll_bus.h ****   * OF THIS SOFTWARE, EVEN IF ADVISED OF THE POSSIBILITY OF SUCH DAMAGE.
  49:Drivers/STM32L0xx_HAL_Driver/Inc/stm32l0xx_ll_bus.h ****   *
  50:Drivers/STM32L0xx_HAL_Driver/Inc/stm32l0xx_ll_bus.h ****   ******************************************************************************
  51:Drivers/STM32L0xx_HAL_Driver/Inc/stm32l0xx_ll_bus.h ****   */
  52:Drivers/STM32L0xx_HAL_Driver/Inc/stm32l0xx_ll_bus.h **** 
  53:Drivers/STM32L0xx_HAL_Driver/Inc/stm32l0xx_ll_bus.h **** /* Define to prevent recursive inclusion -------------------------------------*/
  54:Drivers/STM32L0xx_HAL_Driver/Inc/stm32l0xx_ll_bus.h **** #ifndef __STM32L0xx_LL_BUS_H
  55:Drivers/STM32L0xx_HAL_Driver/Inc/stm32l0xx_ll_bus.h **** #define __STM32L0xx_LL_BUS_H
  56:Drivers/STM32L0xx_HAL_Driver/Inc/stm32l0xx_ll_bus.h **** 
  57:Drivers/STM32L0xx_HAL_Driver/Inc/stm32l0xx_ll_bus.h **** #ifdef __cplusplus
  58:Drivers/STM32L0xx_HAL_Driver/Inc/stm32l0xx_ll_bus.h **** extern "C" {
  59:Drivers/STM32L0xx_HAL_Driver/Inc/stm32l0xx_ll_bus.h **** #endif
  60:Drivers/STM32L0xx_HAL_Driver/Inc/stm32l0xx_ll_bus.h **** 
  61:Drivers/STM32L0xx_HAL_Driver/Inc/stm32l0xx_ll_bus.h **** /* Includes ------------------------------------------------------------------*/
  62:Drivers/STM32L0xx_HAL_Driver/Inc/stm32l0xx_ll_bus.h **** #include "stm32l0xx.h"
  63:Drivers/STM32L0xx_HAL_Driver/Inc/stm32l0xx_ll_bus.h **** 
  64:Drivers/STM32L0xx_HAL_Driver/Inc/stm32l0xx_ll_bus.h **** /** @addtogroup STM32L0xx_LL_Driver
  65:Drivers/STM32L0xx_HAL_Driver/Inc/stm32l0xx_ll_bus.h ****   * @{
  66:Drivers/STM32L0xx_HAL_Driver/Inc/stm32l0xx_ll_bus.h ****   */
  67:Drivers/STM32L0xx_HAL_Driver/Inc/stm32l0xx_ll_bus.h **** 
  68:Drivers/STM32L0xx_HAL_Driver/Inc/stm32l0xx_ll_bus.h **** #if defined(RCC)
  69:Drivers/STM32L0xx_HAL_Driver/Inc/stm32l0xx_ll_bus.h **** 
  70:Drivers/STM32L0xx_HAL_Driver/Inc/stm32l0xx_ll_bus.h **** /** @defgroup BUS_LL BUS
  71:Drivers/STM32L0xx_HAL_Driver/Inc/stm32l0xx_ll_bus.h ****   * @{
  72:Drivers/STM32L0xx_HAL_Driver/Inc/stm32l0xx_ll_bus.h ****   */
  73:Drivers/STM32L0xx_HAL_Driver/Inc/stm32l0xx_ll_bus.h **** 
  74:Drivers/STM32L0xx_HAL_Driver/Inc/stm32l0xx_ll_bus.h **** /* Private types -------------------------------------------------------------*/
  75:Drivers/STM32L0xx_HAL_Driver/Inc/stm32l0xx_ll_bus.h **** /* Private variables ---------------------------------------------------------*/
  76:Drivers/STM32L0xx_HAL_Driver/Inc/stm32l0xx_ll_bus.h **** 
  77:Drivers/STM32L0xx_HAL_Driver/Inc/stm32l0xx_ll_bus.h **** /* Private constants ---------------------------------------------------------*/
  78:Drivers/STM32L0xx_HAL_Driver/Inc/stm32l0xx_ll_bus.h **** 
  79:Drivers/STM32L0xx_HAL_Driver/Inc/stm32l0xx_ll_bus.h **** /* Private macros ------------------------------------------------------------*/
  80:Drivers/STM32L0xx_HAL_Driver/Inc/stm32l0xx_ll_bus.h **** 
  81:Drivers/STM32L0xx_HAL_Driver/Inc/stm32l0xx_ll_bus.h **** /* Exported types ------------------------------------------------------------*/
  82:Drivers/STM32L0xx_HAL_Driver/Inc/stm32l0xx_ll_bus.h **** /* Exported constants --------------------------------------------------------*/
ARM GAS  /tmp/cca0JcEC.s 			page 5


  83:Drivers/STM32L0xx_HAL_Driver/Inc/stm32l0xx_ll_bus.h **** /** @defgroup BUS_LL_Exported_Constants BUS Exported Constants
  84:Drivers/STM32L0xx_HAL_Driver/Inc/stm32l0xx_ll_bus.h ****   * @{
  85:Drivers/STM32L0xx_HAL_Driver/Inc/stm32l0xx_ll_bus.h ****   */
  86:Drivers/STM32L0xx_HAL_Driver/Inc/stm32l0xx_ll_bus.h **** 
  87:Drivers/STM32L0xx_HAL_Driver/Inc/stm32l0xx_ll_bus.h **** /** @defgroup BUS_LL_EC_AHB1_GRP1_PERIPH  AHB1 GRP1 PERIPH
  88:Drivers/STM32L0xx_HAL_Driver/Inc/stm32l0xx_ll_bus.h ****   * @{
  89:Drivers/STM32L0xx_HAL_Driver/Inc/stm32l0xx_ll_bus.h ****   */
  90:Drivers/STM32L0xx_HAL_Driver/Inc/stm32l0xx_ll_bus.h **** #define LL_AHB1_GRP1_PERIPH_ALL            (uint32_t)0xFFFFFFFFU
  91:Drivers/STM32L0xx_HAL_Driver/Inc/stm32l0xx_ll_bus.h **** #define LL_AHB1_GRP1_PERIPH_DMA1           RCC_AHBENR_DMA1EN      /*!< DMA1 clock enable */
  92:Drivers/STM32L0xx_HAL_Driver/Inc/stm32l0xx_ll_bus.h **** #define LL_AHB1_GRP1_PERIPH_MIF            RCC_AHBENR_MIFEN       /*!< MIF clock enable */
  93:Drivers/STM32L0xx_HAL_Driver/Inc/stm32l0xx_ll_bus.h **** #define LL_AHB1_GRP1_PERIPH_SRAM           RCC_AHBSMENR_SRAMSMEN  /*!< Sleep Mode SRAM clock enable
  94:Drivers/STM32L0xx_HAL_Driver/Inc/stm32l0xx_ll_bus.h **** #define LL_AHB1_GRP1_PERIPH_CRC            RCC_AHBENR_CRCEN       /*!< CRC clock enable */
  95:Drivers/STM32L0xx_HAL_Driver/Inc/stm32l0xx_ll_bus.h **** #if defined(TSC)
  96:Drivers/STM32L0xx_HAL_Driver/Inc/stm32l0xx_ll_bus.h **** #define LL_AHB1_GRP1_PERIPH_TSC            RCC_AHBENR_TSCEN       /*!< TSC clock enable */
  97:Drivers/STM32L0xx_HAL_Driver/Inc/stm32l0xx_ll_bus.h **** #endif /*TSC*/
  98:Drivers/STM32L0xx_HAL_Driver/Inc/stm32l0xx_ll_bus.h **** #if defined(RNG)
  99:Drivers/STM32L0xx_HAL_Driver/Inc/stm32l0xx_ll_bus.h **** #define LL_AHB1_GRP1_PERIPH_RNG            RCC_AHBENR_RNGEN       /*!< RNG clock enable */
 100:Drivers/STM32L0xx_HAL_Driver/Inc/stm32l0xx_ll_bus.h **** #endif /*RNG*/
 101:Drivers/STM32L0xx_HAL_Driver/Inc/stm32l0xx_ll_bus.h **** #if defined(AES)
 102:Drivers/STM32L0xx_HAL_Driver/Inc/stm32l0xx_ll_bus.h **** #define LL_AHB1_GRP1_PERIPH_CRYP           RCC_AHBENR_CRYPEN      /*!< CRYP clock enable */
 103:Drivers/STM32L0xx_HAL_Driver/Inc/stm32l0xx_ll_bus.h **** #endif /*AES*/
 104:Drivers/STM32L0xx_HAL_Driver/Inc/stm32l0xx_ll_bus.h **** /**
 105:Drivers/STM32L0xx_HAL_Driver/Inc/stm32l0xx_ll_bus.h ****   * @}
 106:Drivers/STM32L0xx_HAL_Driver/Inc/stm32l0xx_ll_bus.h ****   */
 107:Drivers/STM32L0xx_HAL_Driver/Inc/stm32l0xx_ll_bus.h **** 
 108:Drivers/STM32L0xx_HAL_Driver/Inc/stm32l0xx_ll_bus.h **** 
 109:Drivers/STM32L0xx_HAL_Driver/Inc/stm32l0xx_ll_bus.h **** /** @defgroup BUS_LL_EC_APB1_GRP1_PERIPH  APB1 GRP1 PERIPH
 110:Drivers/STM32L0xx_HAL_Driver/Inc/stm32l0xx_ll_bus.h ****   * @{
 111:Drivers/STM32L0xx_HAL_Driver/Inc/stm32l0xx_ll_bus.h ****   */
 112:Drivers/STM32L0xx_HAL_Driver/Inc/stm32l0xx_ll_bus.h **** #define LL_APB1_GRP1_PERIPH_ALL            (uint32_t)0xFFFFFFFFU
 113:Drivers/STM32L0xx_HAL_Driver/Inc/stm32l0xx_ll_bus.h **** #define LL_APB1_GRP1_PERIPH_TIM2           RCC_APB1ENR_TIM2EN     /*!< TIM2 clock enable */
 114:Drivers/STM32L0xx_HAL_Driver/Inc/stm32l0xx_ll_bus.h **** #if defined(TIM3)
 115:Drivers/STM32L0xx_HAL_Driver/Inc/stm32l0xx_ll_bus.h **** #define LL_APB1_GRP1_PERIPH_TIM3           RCC_APB1ENR_TIM3EN     /*!< TIM3 clock enable */
 116:Drivers/STM32L0xx_HAL_Driver/Inc/stm32l0xx_ll_bus.h **** #endif
 117:Drivers/STM32L0xx_HAL_Driver/Inc/stm32l0xx_ll_bus.h **** #if defined(TIM6)
 118:Drivers/STM32L0xx_HAL_Driver/Inc/stm32l0xx_ll_bus.h **** #define LL_APB1_GRP1_PERIPH_TIM6           RCC_APB1ENR_TIM6EN     /*!< TIM6 clock enable */
 119:Drivers/STM32L0xx_HAL_Driver/Inc/stm32l0xx_ll_bus.h **** #endif
 120:Drivers/STM32L0xx_HAL_Driver/Inc/stm32l0xx_ll_bus.h **** #if defined(TIM7)
 121:Drivers/STM32L0xx_HAL_Driver/Inc/stm32l0xx_ll_bus.h **** #define LL_APB1_GRP1_PERIPH_TIM7           RCC_APB1ENR_TIM7EN     /*!< TIM7 clock enable */
 122:Drivers/STM32L0xx_HAL_Driver/Inc/stm32l0xx_ll_bus.h **** #endif
 123:Drivers/STM32L0xx_HAL_Driver/Inc/stm32l0xx_ll_bus.h **** #if defined(LCD)
 124:Drivers/STM32L0xx_HAL_Driver/Inc/stm32l0xx_ll_bus.h **** #define LL_APB1_GRP1_PERIPH_LCD            RCC_APB1ENR_LCDEN      /*!< LCD clock enable */
 125:Drivers/STM32L0xx_HAL_Driver/Inc/stm32l0xx_ll_bus.h **** #endif /*LCD*/
 126:Drivers/STM32L0xx_HAL_Driver/Inc/stm32l0xx_ll_bus.h **** #define LL_APB1_GRP1_PERIPH_WWDG           RCC_APB1ENR_WWDGEN     /*!< WWDG clock enable */
 127:Drivers/STM32L0xx_HAL_Driver/Inc/stm32l0xx_ll_bus.h **** #if defined(SPI2)
 128:Drivers/STM32L0xx_HAL_Driver/Inc/stm32l0xx_ll_bus.h **** #define LL_APB1_GRP1_PERIPH_SPI2           RCC_APB1ENR_SPI2EN     /*!< SPI2 clock enable */
 129:Drivers/STM32L0xx_HAL_Driver/Inc/stm32l0xx_ll_bus.h **** #endif
 130:Drivers/STM32L0xx_HAL_Driver/Inc/stm32l0xx_ll_bus.h **** #define LL_APB1_GRP1_PERIPH_USART2         RCC_APB1ENR_USART2EN   /*!< USART2 clock enable */
 131:Drivers/STM32L0xx_HAL_Driver/Inc/stm32l0xx_ll_bus.h **** #define LL_APB1_GRP1_PERIPH_LPUART1        RCC_APB1ENR_LPUART1EN  /*!< LPUART1 clock enable */
 132:Drivers/STM32L0xx_HAL_Driver/Inc/stm32l0xx_ll_bus.h **** #if defined(USART4)
 133:Drivers/STM32L0xx_HAL_Driver/Inc/stm32l0xx_ll_bus.h **** #define LL_APB1_GRP1_PERIPH_USART4         RCC_APB1ENR_USART4EN   /*!< USART4 clock enable */
 134:Drivers/STM32L0xx_HAL_Driver/Inc/stm32l0xx_ll_bus.h **** #endif
 135:Drivers/STM32L0xx_HAL_Driver/Inc/stm32l0xx_ll_bus.h **** #if defined(USART5)
 136:Drivers/STM32L0xx_HAL_Driver/Inc/stm32l0xx_ll_bus.h **** #define LL_APB1_GRP1_PERIPH_USART5         RCC_APB1ENR_USART5EN   /*!< USART5 clock enable */
 137:Drivers/STM32L0xx_HAL_Driver/Inc/stm32l0xx_ll_bus.h **** #endif
 138:Drivers/STM32L0xx_HAL_Driver/Inc/stm32l0xx_ll_bus.h **** #define LL_APB1_GRP1_PERIPH_I2C1           RCC_APB1ENR_I2C1EN     /*!< I2C1 clock enable */
 139:Drivers/STM32L0xx_HAL_Driver/Inc/stm32l0xx_ll_bus.h **** #if defined(I2C2)
ARM GAS  /tmp/cca0JcEC.s 			page 6


 140:Drivers/STM32L0xx_HAL_Driver/Inc/stm32l0xx_ll_bus.h **** #define LL_APB1_GRP1_PERIPH_I2C2           RCC_APB1ENR_I2C2EN     /*!< I2C2 clock enable */
 141:Drivers/STM32L0xx_HAL_Driver/Inc/stm32l0xx_ll_bus.h **** #endif
 142:Drivers/STM32L0xx_HAL_Driver/Inc/stm32l0xx_ll_bus.h **** #if defined(USB)
 143:Drivers/STM32L0xx_HAL_Driver/Inc/stm32l0xx_ll_bus.h **** #define LL_APB1_GRP1_PERIPH_USB            RCC_APB1ENR_USBEN      /*!< USB clock enable */
 144:Drivers/STM32L0xx_HAL_Driver/Inc/stm32l0xx_ll_bus.h **** #endif /*USB*/
 145:Drivers/STM32L0xx_HAL_Driver/Inc/stm32l0xx_ll_bus.h **** #if defined(CRS)
 146:Drivers/STM32L0xx_HAL_Driver/Inc/stm32l0xx_ll_bus.h **** #define LL_APB1_GRP1_PERIPH_CRS            RCC_APB1ENR_CRSEN      /*!< CRS clock enable */
 147:Drivers/STM32L0xx_HAL_Driver/Inc/stm32l0xx_ll_bus.h **** #endif /*CRS*/
 148:Drivers/STM32L0xx_HAL_Driver/Inc/stm32l0xx_ll_bus.h **** #define LL_APB1_GRP1_PERIPH_PWR            RCC_APB1ENR_PWREN      /*!< PWR clock enable */
 149:Drivers/STM32L0xx_HAL_Driver/Inc/stm32l0xx_ll_bus.h **** #if defined(DAC)
 150:Drivers/STM32L0xx_HAL_Driver/Inc/stm32l0xx_ll_bus.h **** #define LL_APB1_GRP1_PERIPH_DAC1           RCC_APB1ENR_DACEN      /*!< DAC clock enable */
 151:Drivers/STM32L0xx_HAL_Driver/Inc/stm32l0xx_ll_bus.h **** #endif
 152:Drivers/STM32L0xx_HAL_Driver/Inc/stm32l0xx_ll_bus.h **** #if defined(I2C3)
 153:Drivers/STM32L0xx_HAL_Driver/Inc/stm32l0xx_ll_bus.h **** #define LL_APB1_GRP1_PERIPH_I2C3           RCC_APB1ENR_I2C3EN     /*!< I2C3 clock enable */
 154:Drivers/STM32L0xx_HAL_Driver/Inc/stm32l0xx_ll_bus.h **** #endif
 155:Drivers/STM32L0xx_HAL_Driver/Inc/stm32l0xx_ll_bus.h **** #define LL_APB1_GRP1_PERIPH_LPTIM1         RCC_APB1ENR_LPTIM1EN   /*!< LPTIM1 clock enable */
 156:Drivers/STM32L0xx_HAL_Driver/Inc/stm32l0xx_ll_bus.h **** /**
 157:Drivers/STM32L0xx_HAL_Driver/Inc/stm32l0xx_ll_bus.h ****   * @}
 158:Drivers/STM32L0xx_HAL_Driver/Inc/stm32l0xx_ll_bus.h ****   */
 159:Drivers/STM32L0xx_HAL_Driver/Inc/stm32l0xx_ll_bus.h **** 
 160:Drivers/STM32L0xx_HAL_Driver/Inc/stm32l0xx_ll_bus.h **** 
 161:Drivers/STM32L0xx_HAL_Driver/Inc/stm32l0xx_ll_bus.h **** 
 162:Drivers/STM32L0xx_HAL_Driver/Inc/stm32l0xx_ll_bus.h **** 
 163:Drivers/STM32L0xx_HAL_Driver/Inc/stm32l0xx_ll_bus.h **** /** @defgroup BUS_LL_EC_APB2_GRP1_PERIPH  APB2 GRP1 PERIPH
 164:Drivers/STM32L0xx_HAL_Driver/Inc/stm32l0xx_ll_bus.h ****   * @{
 165:Drivers/STM32L0xx_HAL_Driver/Inc/stm32l0xx_ll_bus.h ****   */
 166:Drivers/STM32L0xx_HAL_Driver/Inc/stm32l0xx_ll_bus.h **** #define LL_APB2_GRP1_PERIPH_ALL            (uint32_t)0xFFFFFFFFU
 167:Drivers/STM32L0xx_HAL_Driver/Inc/stm32l0xx_ll_bus.h **** #define LL_APB2_GRP1_PERIPH_SYSCFG         RCC_APB2ENR_SYSCFGEN  /*!< SYSCFG clock enable */
 168:Drivers/STM32L0xx_HAL_Driver/Inc/stm32l0xx_ll_bus.h **** #define LL_APB2_GRP1_PERIPH_TIM21          RCC_APB2ENR_TIM21EN   /*!< TIM21 clock enable */
 169:Drivers/STM32L0xx_HAL_Driver/Inc/stm32l0xx_ll_bus.h **** #if defined(TIM22)
 170:Drivers/STM32L0xx_HAL_Driver/Inc/stm32l0xx_ll_bus.h **** #define LL_APB2_GRP1_PERIPH_TIM22          RCC_APB2ENR_TIM22EN   /*!< TIM22 clock enable */
 171:Drivers/STM32L0xx_HAL_Driver/Inc/stm32l0xx_ll_bus.h **** #endif
 172:Drivers/STM32L0xx_HAL_Driver/Inc/stm32l0xx_ll_bus.h **** #define LL_APB2_GRP1_PERIPH_FW             RCC_APB2ENR_FWEN      /*!< FireWall clock enable */
 173:Drivers/STM32L0xx_HAL_Driver/Inc/stm32l0xx_ll_bus.h **** #define LL_APB2_GRP1_PERIPH_ADC1           RCC_APB2ENR_ADC1EN    /*!< ADC1 clock enable */
 174:Drivers/STM32L0xx_HAL_Driver/Inc/stm32l0xx_ll_bus.h **** #define LL_APB2_GRP1_PERIPH_SPI1           RCC_APB2ENR_SPI1EN    /*!< SPI1 clock enable */
 175:Drivers/STM32L0xx_HAL_Driver/Inc/stm32l0xx_ll_bus.h **** #if defined(USART1)
 176:Drivers/STM32L0xx_HAL_Driver/Inc/stm32l0xx_ll_bus.h **** #define LL_APB2_GRP1_PERIPH_USART1         RCC_APB2ENR_USART1EN  /*!< USART1 clock enable */
 177:Drivers/STM32L0xx_HAL_Driver/Inc/stm32l0xx_ll_bus.h **** #endif
 178:Drivers/STM32L0xx_HAL_Driver/Inc/stm32l0xx_ll_bus.h **** #define LL_APB2_GRP1_PERIPH_DBGMCU         RCC_APB2ENR_DBGMCUEN  /*!< DBGMCU clock enable */
 179:Drivers/STM32L0xx_HAL_Driver/Inc/stm32l0xx_ll_bus.h **** 
 180:Drivers/STM32L0xx_HAL_Driver/Inc/stm32l0xx_ll_bus.h **** /**
 181:Drivers/STM32L0xx_HAL_Driver/Inc/stm32l0xx_ll_bus.h ****   * @}
 182:Drivers/STM32L0xx_HAL_Driver/Inc/stm32l0xx_ll_bus.h ****   */
 183:Drivers/STM32L0xx_HAL_Driver/Inc/stm32l0xx_ll_bus.h **** 
 184:Drivers/STM32L0xx_HAL_Driver/Inc/stm32l0xx_ll_bus.h **** 
 185:Drivers/STM32L0xx_HAL_Driver/Inc/stm32l0xx_ll_bus.h **** 
 186:Drivers/STM32L0xx_HAL_Driver/Inc/stm32l0xx_ll_bus.h **** /** @defgroup BUS_LL_EC_IOP_GRP1_PERIPH  IOP GRP1 PERIPH
 187:Drivers/STM32L0xx_HAL_Driver/Inc/stm32l0xx_ll_bus.h ****   * @{
 188:Drivers/STM32L0xx_HAL_Driver/Inc/stm32l0xx_ll_bus.h ****   */
 189:Drivers/STM32L0xx_HAL_Driver/Inc/stm32l0xx_ll_bus.h **** #define LL_IOP_GRP1_PERIPH_ALL             (uint32_t)0xFFFFFFFFU
 190:Drivers/STM32L0xx_HAL_Driver/Inc/stm32l0xx_ll_bus.h **** #define LL_IOP_GRP1_PERIPH_GPIOA           RCC_IOPENR_GPIOAEN    /*!< GPIO port A control */
 191:Drivers/STM32L0xx_HAL_Driver/Inc/stm32l0xx_ll_bus.h **** #define LL_IOP_GRP1_PERIPH_GPIOB           RCC_IOPENR_GPIOBEN    /*!< GPIO port B control */
 192:Drivers/STM32L0xx_HAL_Driver/Inc/stm32l0xx_ll_bus.h **** #define LL_IOP_GRP1_PERIPH_GPIOC           RCC_IOPENR_GPIOCEN    /*!< GPIO port C control */
 193:Drivers/STM32L0xx_HAL_Driver/Inc/stm32l0xx_ll_bus.h **** #if defined(GPIOD)
 194:Drivers/STM32L0xx_HAL_Driver/Inc/stm32l0xx_ll_bus.h **** #define LL_IOP_GRP1_PERIPH_GPIOD           RCC_IOPENR_GPIODEN    /*!< GPIO port D control */
 195:Drivers/STM32L0xx_HAL_Driver/Inc/stm32l0xx_ll_bus.h **** #endif /*GPIOD*/
 196:Drivers/STM32L0xx_HAL_Driver/Inc/stm32l0xx_ll_bus.h **** #if defined(GPIOE)
ARM GAS  /tmp/cca0JcEC.s 			page 7


 197:Drivers/STM32L0xx_HAL_Driver/Inc/stm32l0xx_ll_bus.h **** #define LL_IOP_GRP1_PERIPH_GPIOE           RCC_IOPENR_GPIOEEN    /*!< GPIO port H control */
 198:Drivers/STM32L0xx_HAL_Driver/Inc/stm32l0xx_ll_bus.h **** #endif /*GPIOE*/
 199:Drivers/STM32L0xx_HAL_Driver/Inc/stm32l0xx_ll_bus.h **** #if defined(GPIOH)
 200:Drivers/STM32L0xx_HAL_Driver/Inc/stm32l0xx_ll_bus.h **** #define LL_IOP_GRP1_PERIPH_GPIOH           RCC_IOPENR_GPIOHEN    /*!< GPIO port H control */
 201:Drivers/STM32L0xx_HAL_Driver/Inc/stm32l0xx_ll_bus.h **** #endif /*GPIOH*/
 202:Drivers/STM32L0xx_HAL_Driver/Inc/stm32l0xx_ll_bus.h **** /**
 203:Drivers/STM32L0xx_HAL_Driver/Inc/stm32l0xx_ll_bus.h ****   * @}
 204:Drivers/STM32L0xx_HAL_Driver/Inc/stm32l0xx_ll_bus.h ****   */
 205:Drivers/STM32L0xx_HAL_Driver/Inc/stm32l0xx_ll_bus.h **** 
 206:Drivers/STM32L0xx_HAL_Driver/Inc/stm32l0xx_ll_bus.h **** 
 207:Drivers/STM32L0xx_HAL_Driver/Inc/stm32l0xx_ll_bus.h **** /**
 208:Drivers/STM32L0xx_HAL_Driver/Inc/stm32l0xx_ll_bus.h ****   * @}
 209:Drivers/STM32L0xx_HAL_Driver/Inc/stm32l0xx_ll_bus.h ****   */
 210:Drivers/STM32L0xx_HAL_Driver/Inc/stm32l0xx_ll_bus.h **** 
 211:Drivers/STM32L0xx_HAL_Driver/Inc/stm32l0xx_ll_bus.h **** /* Exported macro ------------------------------------------------------------*/
 212:Drivers/STM32L0xx_HAL_Driver/Inc/stm32l0xx_ll_bus.h **** /* Exported functions --------------------------------------------------------*/
 213:Drivers/STM32L0xx_HAL_Driver/Inc/stm32l0xx_ll_bus.h **** /** @defgroup BUS_LL_Exported_Functions BUS Exported Functions
 214:Drivers/STM32L0xx_HAL_Driver/Inc/stm32l0xx_ll_bus.h ****   * @{
 215:Drivers/STM32L0xx_HAL_Driver/Inc/stm32l0xx_ll_bus.h ****   */
 216:Drivers/STM32L0xx_HAL_Driver/Inc/stm32l0xx_ll_bus.h **** 
 217:Drivers/STM32L0xx_HAL_Driver/Inc/stm32l0xx_ll_bus.h **** /** @defgroup BUS_LL_EF_AHB1 AHB1
 218:Drivers/STM32L0xx_HAL_Driver/Inc/stm32l0xx_ll_bus.h ****   * @{
 219:Drivers/STM32L0xx_HAL_Driver/Inc/stm32l0xx_ll_bus.h ****   */
 220:Drivers/STM32L0xx_HAL_Driver/Inc/stm32l0xx_ll_bus.h **** 
 221:Drivers/STM32L0xx_HAL_Driver/Inc/stm32l0xx_ll_bus.h **** /**
 222:Drivers/STM32L0xx_HAL_Driver/Inc/stm32l0xx_ll_bus.h ****   * @brief  Enable AHB1 peripherals clock.
 223:Drivers/STM32L0xx_HAL_Driver/Inc/stm32l0xx_ll_bus.h ****   * @rmtoll AHBENR      DMAEN        LL_AHB1_GRP1_EnableClock\n
 224:Drivers/STM32L0xx_HAL_Driver/Inc/stm32l0xx_ll_bus.h ****   *         AHBENR      MIFEN        LL_AHB1_GRP1_EnableClock\n
 225:Drivers/STM32L0xx_HAL_Driver/Inc/stm32l0xx_ll_bus.h ****   *         AHBENR      CRCEN        LL_AHB1_GRP1_EnableClock\n
 226:Drivers/STM32L0xx_HAL_Driver/Inc/stm32l0xx_ll_bus.h ****   *         AHBENR      TSCEN        LL_AHB1_GRP1_EnableClock\n
 227:Drivers/STM32L0xx_HAL_Driver/Inc/stm32l0xx_ll_bus.h ****   *         AHBENR      RNGEN        LL_AHB1_GRP1_EnableClock\n
 228:Drivers/STM32L0xx_HAL_Driver/Inc/stm32l0xx_ll_bus.h ****   *         AHBENR      CRYPEN       LL_AHB1_GRP1_EnableClock
 229:Drivers/STM32L0xx_HAL_Driver/Inc/stm32l0xx_ll_bus.h ****   * @param  Periphs This parameter can be a combination of the following values:
 230:Drivers/STM32L0xx_HAL_Driver/Inc/stm32l0xx_ll_bus.h ****   *         @arg @ref LL_AHB1_GRP1_PERIPH_DMA1
 231:Drivers/STM32L0xx_HAL_Driver/Inc/stm32l0xx_ll_bus.h ****   *         @arg @ref LL_AHB1_GRP1_PERIPH_MIF
 232:Drivers/STM32L0xx_HAL_Driver/Inc/stm32l0xx_ll_bus.h ****   *         @arg @ref LL_AHB1_GRP1_PERIPH_CRC
 233:Drivers/STM32L0xx_HAL_Driver/Inc/stm32l0xx_ll_bus.h ****   *         @arg @ref LL_AHB1_GRP1_PERIPH_TSC (*)
 234:Drivers/STM32L0xx_HAL_Driver/Inc/stm32l0xx_ll_bus.h ****   *         @arg @ref LL_AHB1_GRP1_PERIPH_RNG (*)
 235:Drivers/STM32L0xx_HAL_Driver/Inc/stm32l0xx_ll_bus.h ****   *         @arg @ref LL_AHB1_GRP1_PERIPH_CRYP (*)
 236:Drivers/STM32L0xx_HAL_Driver/Inc/stm32l0xx_ll_bus.h ****   *
 237:Drivers/STM32L0xx_HAL_Driver/Inc/stm32l0xx_ll_bus.h ****   *         (*) value not defined in all devices.
 238:Drivers/STM32L0xx_HAL_Driver/Inc/stm32l0xx_ll_bus.h ****   * @retval None
 239:Drivers/STM32L0xx_HAL_Driver/Inc/stm32l0xx_ll_bus.h **** */
 240:Drivers/STM32L0xx_HAL_Driver/Inc/stm32l0xx_ll_bus.h **** __STATIC_INLINE void LL_AHB1_GRP1_EnableClock(uint32_t Periphs)
 241:Drivers/STM32L0xx_HAL_Driver/Inc/stm32l0xx_ll_bus.h **** {
 242:Drivers/STM32L0xx_HAL_Driver/Inc/stm32l0xx_ll_bus.h ****   __IO uint32_t tmpreg;
 243:Drivers/STM32L0xx_HAL_Driver/Inc/stm32l0xx_ll_bus.h ****   SET_BIT(RCC->AHBENR, Periphs);
 244:Drivers/STM32L0xx_HAL_Driver/Inc/stm32l0xx_ll_bus.h ****   /* Delay after an RCC peripheral clock enabling */
 245:Drivers/STM32L0xx_HAL_Driver/Inc/stm32l0xx_ll_bus.h ****   tmpreg = READ_BIT(RCC->AHBENR, Periphs);
 246:Drivers/STM32L0xx_HAL_Driver/Inc/stm32l0xx_ll_bus.h ****   (void)tmpreg;
 247:Drivers/STM32L0xx_HAL_Driver/Inc/stm32l0xx_ll_bus.h **** }
 248:Drivers/STM32L0xx_HAL_Driver/Inc/stm32l0xx_ll_bus.h **** 
 249:Drivers/STM32L0xx_HAL_Driver/Inc/stm32l0xx_ll_bus.h **** /**
 250:Drivers/STM32L0xx_HAL_Driver/Inc/stm32l0xx_ll_bus.h ****   * @brief  Check if AHB1 peripheral clock is enabled or not
 251:Drivers/STM32L0xx_HAL_Driver/Inc/stm32l0xx_ll_bus.h ****   * @rmtoll AHBENR      DMAEN        LL_AHB1_GRP1_IsEnabledClock\n
 252:Drivers/STM32L0xx_HAL_Driver/Inc/stm32l0xx_ll_bus.h ****   *         AHBENR      MIFEN        LL_AHB1_GRP1_IsEnabledClock\n
 253:Drivers/STM32L0xx_HAL_Driver/Inc/stm32l0xx_ll_bus.h ****   *         AHBENR      CRCEN        LL_AHB1_GRP1_IsEnabledClock\n
ARM GAS  /tmp/cca0JcEC.s 			page 8


 254:Drivers/STM32L0xx_HAL_Driver/Inc/stm32l0xx_ll_bus.h ****   *         AHBENR      TSCEN        LL_AHB1_GRP1_IsEnabledClock\n
 255:Drivers/STM32L0xx_HAL_Driver/Inc/stm32l0xx_ll_bus.h ****   *         AHBENR      RNGEN        LL_AHB1_GRP1_IsEnabledClock\n
 256:Drivers/STM32L0xx_HAL_Driver/Inc/stm32l0xx_ll_bus.h ****   *         AHBENR      CRYPEN       LL_AHB1_GRP1_IsEnabledClock
 257:Drivers/STM32L0xx_HAL_Driver/Inc/stm32l0xx_ll_bus.h ****   * @param  Periphs This parameter can be a combination of the following values:
 258:Drivers/STM32L0xx_HAL_Driver/Inc/stm32l0xx_ll_bus.h ****   *         @arg @ref LL_AHB1_GRP1_PERIPH_DMA1
 259:Drivers/STM32L0xx_HAL_Driver/Inc/stm32l0xx_ll_bus.h ****   *         @arg @ref LL_AHB1_GRP1_PERIPH_MIF
 260:Drivers/STM32L0xx_HAL_Driver/Inc/stm32l0xx_ll_bus.h ****   *         @arg @ref LL_AHB1_GRP1_PERIPH_CRC
 261:Drivers/STM32L0xx_HAL_Driver/Inc/stm32l0xx_ll_bus.h ****   *         @arg @ref LL_AHB1_GRP1_PERIPH_TSC (*)
 262:Drivers/STM32L0xx_HAL_Driver/Inc/stm32l0xx_ll_bus.h ****   *         @arg @ref LL_AHB1_GRP1_PERIPH_RNG (*)
 263:Drivers/STM32L0xx_HAL_Driver/Inc/stm32l0xx_ll_bus.h ****   *         @arg @ref LL_AHB1_GRP1_PERIPH_CRYP (*)
 264:Drivers/STM32L0xx_HAL_Driver/Inc/stm32l0xx_ll_bus.h ****   *
 265:Drivers/STM32L0xx_HAL_Driver/Inc/stm32l0xx_ll_bus.h ****   *         (*) value not defined in all devices.
 266:Drivers/STM32L0xx_HAL_Driver/Inc/stm32l0xx_ll_bus.h ****   * @retval State of Periphs (1 or 0).
 267:Drivers/STM32L0xx_HAL_Driver/Inc/stm32l0xx_ll_bus.h **** */
 268:Drivers/STM32L0xx_HAL_Driver/Inc/stm32l0xx_ll_bus.h **** __STATIC_INLINE uint32_t LL_AHB1_GRP1_IsEnabledClock(uint32_t Periphs)
 269:Drivers/STM32L0xx_HAL_Driver/Inc/stm32l0xx_ll_bus.h **** {
 270:Drivers/STM32L0xx_HAL_Driver/Inc/stm32l0xx_ll_bus.h ****   return (READ_BIT(RCC->AHBENR, Periphs) == Periphs);
 271:Drivers/STM32L0xx_HAL_Driver/Inc/stm32l0xx_ll_bus.h **** }
 272:Drivers/STM32L0xx_HAL_Driver/Inc/stm32l0xx_ll_bus.h **** 
 273:Drivers/STM32L0xx_HAL_Driver/Inc/stm32l0xx_ll_bus.h **** /**
 274:Drivers/STM32L0xx_HAL_Driver/Inc/stm32l0xx_ll_bus.h ****   * @brief  Disable AHB1 peripherals clock.
 275:Drivers/STM32L0xx_HAL_Driver/Inc/stm32l0xx_ll_bus.h ****   * @rmtoll AHBENR      DMAEN        LL_AHB1_GRP1_DisableClock\n
 276:Drivers/STM32L0xx_HAL_Driver/Inc/stm32l0xx_ll_bus.h ****   *         AHBENR      MIFEN        LL_AHB1_GRP1_DisableClock\n
 277:Drivers/STM32L0xx_HAL_Driver/Inc/stm32l0xx_ll_bus.h ****   *         AHBENR      CRCEN        LL_AHB1_GRP1_DisableClock\n
 278:Drivers/STM32L0xx_HAL_Driver/Inc/stm32l0xx_ll_bus.h ****   *         AHBENR      TSCEN        LL_AHB1_GRP1_DisableClock\n
 279:Drivers/STM32L0xx_HAL_Driver/Inc/stm32l0xx_ll_bus.h ****   *         AHBENR      RNGEN        LL_AHB1_GRP1_DisableClock\n
 280:Drivers/STM32L0xx_HAL_Driver/Inc/stm32l0xx_ll_bus.h ****   *         AHBENR      CRYPEN       LL_AHB1_GRP1_DisableClock
 281:Drivers/STM32L0xx_HAL_Driver/Inc/stm32l0xx_ll_bus.h ****   * @param  Periphs This parameter can be a combination of the following values:
 282:Drivers/STM32L0xx_HAL_Driver/Inc/stm32l0xx_ll_bus.h ****   *         @arg @ref LL_AHB1_GRP1_PERIPH_DMA1
 283:Drivers/STM32L0xx_HAL_Driver/Inc/stm32l0xx_ll_bus.h ****   *         @arg @ref LL_AHB1_GRP1_PERIPH_MIF
 284:Drivers/STM32L0xx_HAL_Driver/Inc/stm32l0xx_ll_bus.h ****   *         @arg @ref LL_AHB1_GRP1_PERIPH_CRC
 285:Drivers/STM32L0xx_HAL_Driver/Inc/stm32l0xx_ll_bus.h ****   *         @arg @ref LL_AHB1_GRP1_PERIPH_TSC (*)
 286:Drivers/STM32L0xx_HAL_Driver/Inc/stm32l0xx_ll_bus.h ****   *         @arg @ref LL_AHB1_GRP1_PERIPH_RNG (*)
 287:Drivers/STM32L0xx_HAL_Driver/Inc/stm32l0xx_ll_bus.h ****   *         @arg @ref LL_AHB1_GRP1_PERIPH_CRYP (*)
 288:Drivers/STM32L0xx_HAL_Driver/Inc/stm32l0xx_ll_bus.h ****   *
 289:Drivers/STM32L0xx_HAL_Driver/Inc/stm32l0xx_ll_bus.h ****   *         (*) value not defined in all devices.
 290:Drivers/STM32L0xx_HAL_Driver/Inc/stm32l0xx_ll_bus.h ****   * @retval None
 291:Drivers/STM32L0xx_HAL_Driver/Inc/stm32l0xx_ll_bus.h **** */
 292:Drivers/STM32L0xx_HAL_Driver/Inc/stm32l0xx_ll_bus.h **** __STATIC_INLINE void LL_AHB1_GRP1_DisableClock(uint32_t Periphs)
 293:Drivers/STM32L0xx_HAL_Driver/Inc/stm32l0xx_ll_bus.h **** {
 294:Drivers/STM32L0xx_HAL_Driver/Inc/stm32l0xx_ll_bus.h ****   CLEAR_BIT(RCC->AHBENR, Periphs);
 295:Drivers/STM32L0xx_HAL_Driver/Inc/stm32l0xx_ll_bus.h **** }
 296:Drivers/STM32L0xx_HAL_Driver/Inc/stm32l0xx_ll_bus.h **** 
 297:Drivers/STM32L0xx_HAL_Driver/Inc/stm32l0xx_ll_bus.h **** /**
 298:Drivers/STM32L0xx_HAL_Driver/Inc/stm32l0xx_ll_bus.h ****   * @brief  Force AHB1 peripherals reset.
 299:Drivers/STM32L0xx_HAL_Driver/Inc/stm32l0xx_ll_bus.h ****   * @rmtoll AHBRSTR      DMARST        LL_AHB1_GRP1_ForceReset\n
 300:Drivers/STM32L0xx_HAL_Driver/Inc/stm32l0xx_ll_bus.h ****   *         AHBRSTR      MIFRST        LL_AHB1_GRP1_ForceReset\n
 301:Drivers/STM32L0xx_HAL_Driver/Inc/stm32l0xx_ll_bus.h ****   *         AHBRSTR      CRCRST        LL_AHB1_GRP1_ForceReset\n
 302:Drivers/STM32L0xx_HAL_Driver/Inc/stm32l0xx_ll_bus.h ****   *         AHBRSTR      TSCRST        LL_AHB1_GRP1_ForceReset\n
 303:Drivers/STM32L0xx_HAL_Driver/Inc/stm32l0xx_ll_bus.h ****   *         AHBRSTR      RNGRST        LL_AHB1_GRP1_ForceReset\n
 304:Drivers/STM32L0xx_HAL_Driver/Inc/stm32l0xx_ll_bus.h ****   *         AHBRSTR      CRYPRST       LL_AHB1_GRP1_ForceReset
 305:Drivers/STM32L0xx_HAL_Driver/Inc/stm32l0xx_ll_bus.h ****   * @param  Periphs This parameter can be a combination of the following values:
 306:Drivers/STM32L0xx_HAL_Driver/Inc/stm32l0xx_ll_bus.h ****   *         @arg @ref LL_AHB1_GRP1_PERIPH_ALL
 307:Drivers/STM32L0xx_HAL_Driver/Inc/stm32l0xx_ll_bus.h ****   *         @arg @ref LL_AHB1_GRP1_PERIPH_DMA1
 308:Drivers/STM32L0xx_HAL_Driver/Inc/stm32l0xx_ll_bus.h ****   *         @arg @ref LL_AHB1_GRP1_PERIPH_MIF
 309:Drivers/STM32L0xx_HAL_Driver/Inc/stm32l0xx_ll_bus.h ****   *         @arg @ref LL_AHB1_GRP1_PERIPH_CRC
 310:Drivers/STM32L0xx_HAL_Driver/Inc/stm32l0xx_ll_bus.h ****   *         @arg @ref LL_AHB1_GRP1_PERIPH_TSC (*)
ARM GAS  /tmp/cca0JcEC.s 			page 9


 311:Drivers/STM32L0xx_HAL_Driver/Inc/stm32l0xx_ll_bus.h ****   *         @arg @ref LL_AHB1_GRP1_PERIPH_RNG (*)
 312:Drivers/STM32L0xx_HAL_Driver/Inc/stm32l0xx_ll_bus.h ****   *         @arg @ref LL_AHB1_GRP1_PERIPH_CRYP (*)
 313:Drivers/STM32L0xx_HAL_Driver/Inc/stm32l0xx_ll_bus.h ****   *
 314:Drivers/STM32L0xx_HAL_Driver/Inc/stm32l0xx_ll_bus.h ****   *         (*) value not defined in all devices.
 315:Drivers/STM32L0xx_HAL_Driver/Inc/stm32l0xx_ll_bus.h ****   * @retval None
 316:Drivers/STM32L0xx_HAL_Driver/Inc/stm32l0xx_ll_bus.h **** */
 317:Drivers/STM32L0xx_HAL_Driver/Inc/stm32l0xx_ll_bus.h **** __STATIC_INLINE void LL_AHB1_GRP1_ForceReset(uint32_t Periphs)
 318:Drivers/STM32L0xx_HAL_Driver/Inc/stm32l0xx_ll_bus.h **** {
 319:Drivers/STM32L0xx_HAL_Driver/Inc/stm32l0xx_ll_bus.h ****   SET_BIT(RCC->AHBRSTR, Periphs);
  48              		.loc 2 319 0
  49 000a 074B     		ldr	r3, .L5+4
  50 000c 196A     		ldr	r1, [r3, #32]
  51 000e 8022     		movs	r2, #128
  52 0010 5201     		lsls	r2, r2, #5
  53 0012 0A43     		orrs	r2, r1
  54 0014 1A62     		str	r2, [r3, #32]
  55              	.LVL3:
  56              	.LBE7:
  57              	.LBE6:
  58              	.LBB8:
  59              	.LBB9:
 320:Drivers/STM32L0xx_HAL_Driver/Inc/stm32l0xx_ll_bus.h **** }
 321:Drivers/STM32L0xx_HAL_Driver/Inc/stm32l0xx_ll_bus.h **** 
 322:Drivers/STM32L0xx_HAL_Driver/Inc/stm32l0xx_ll_bus.h **** /**
 323:Drivers/STM32L0xx_HAL_Driver/Inc/stm32l0xx_ll_bus.h ****   * @brief  Release AHB1 peripherals reset.
 324:Drivers/STM32L0xx_HAL_Driver/Inc/stm32l0xx_ll_bus.h ****   * @rmtoll AHBRSTR      DMARST        LL_AHB1_GRP1_ReleaseReset\n
 325:Drivers/STM32L0xx_HAL_Driver/Inc/stm32l0xx_ll_bus.h ****   *         AHBRSTR      MIFRST        LL_AHB1_GRP1_ReleaseReset\n
 326:Drivers/STM32L0xx_HAL_Driver/Inc/stm32l0xx_ll_bus.h ****   *         AHBRSTR      CRCRST        LL_AHB1_GRP1_ReleaseReset\n
 327:Drivers/STM32L0xx_HAL_Driver/Inc/stm32l0xx_ll_bus.h ****   *         AHBRSTR      TSCRST        LL_AHB1_GRP1_ReleaseReset\n
 328:Drivers/STM32L0xx_HAL_Driver/Inc/stm32l0xx_ll_bus.h ****   *         AHBRSTR      RNGRST        LL_AHB1_GRP1_ReleaseReset\n
 329:Drivers/STM32L0xx_HAL_Driver/Inc/stm32l0xx_ll_bus.h ****   *         AHBRSTR      CRYPRST       LL_AHB1_GRP1_ReleaseReset
 330:Drivers/STM32L0xx_HAL_Driver/Inc/stm32l0xx_ll_bus.h ****   * @param  Periphs This parameter can be a combination of the following values:
 331:Drivers/STM32L0xx_HAL_Driver/Inc/stm32l0xx_ll_bus.h ****   *         @arg @ref LL_AHB1_GRP1_PERIPH_ALL
 332:Drivers/STM32L0xx_HAL_Driver/Inc/stm32l0xx_ll_bus.h ****   *         @arg @ref LL_AHB1_GRP1_PERIPH_DMA1
 333:Drivers/STM32L0xx_HAL_Driver/Inc/stm32l0xx_ll_bus.h ****   *         @arg @ref LL_AHB1_GRP1_PERIPH_MIF
 334:Drivers/STM32L0xx_HAL_Driver/Inc/stm32l0xx_ll_bus.h ****   *         @arg @ref LL_AHB1_GRP1_PERIPH_CRC
 335:Drivers/STM32L0xx_HAL_Driver/Inc/stm32l0xx_ll_bus.h ****   *         @arg @ref LL_AHB1_GRP1_PERIPH_TSC (*)
 336:Drivers/STM32L0xx_HAL_Driver/Inc/stm32l0xx_ll_bus.h ****   *         @arg @ref LL_AHB1_GRP1_PERIPH_RNG (*)
 337:Drivers/STM32L0xx_HAL_Driver/Inc/stm32l0xx_ll_bus.h ****   *         @arg @ref LL_AHB1_GRP1_PERIPH_CRYP (*)
 338:Drivers/STM32L0xx_HAL_Driver/Inc/stm32l0xx_ll_bus.h ****   *
 339:Drivers/STM32L0xx_HAL_Driver/Inc/stm32l0xx_ll_bus.h ****   *         (*) value not defined in all devices.
 340:Drivers/STM32L0xx_HAL_Driver/Inc/stm32l0xx_ll_bus.h ****   * @retval None
 341:Drivers/STM32L0xx_HAL_Driver/Inc/stm32l0xx_ll_bus.h **** */
 342:Drivers/STM32L0xx_HAL_Driver/Inc/stm32l0xx_ll_bus.h **** __STATIC_INLINE void LL_AHB1_GRP1_ReleaseReset(uint32_t Periphs)
 343:Drivers/STM32L0xx_HAL_Driver/Inc/stm32l0xx_ll_bus.h **** {
 344:Drivers/STM32L0xx_HAL_Driver/Inc/stm32l0xx_ll_bus.h ****   CLEAR_BIT(RCC->AHBRSTR, Periphs);
  60              		.loc 2 344 0
  61 0016 1A6A     		ldr	r2, [r3, #32]
  62 0018 0449     		ldr	r1, .L5+8
  63 001a 0A40     		ands	r2, r1
  64 001c 1A62     		str	r2, [r3, #32]
  65              	.LBE9:
  66              	.LBE8:
  81:./Drivers/STM32L0xx_HAL_Driver/Src/stm32l0xx_ll_crc.c **** 
  67              		.loc 1 81 0
  68 001e 0120     		movs	r0, #1
  69              	.LVL4:
ARM GAS  /tmp/cca0JcEC.s 			page 10


  70 0020 F2E7     		b	.L2
  71              	.L6:
  72 0022 C046     		.align	2
  73              	.L5:
  74 0024 00300240 		.word	1073885184
  75 0028 00100240 		.word	1073876992
  76 002c FFEFFFFF 		.word	-4097
  77              		.cfi_endproc
  78              	.LFE87:
  80              		.text
  81              	.Letext0:
  82              		.file 3 "/usr/arm-none-eabi/include/machine/_default_types.h"
  83              		.file 4 "/usr/arm-none-eabi/include/sys/_stdint.h"
  84              		.file 5 "Drivers/CMSIS/Device/ST/STM32L0xx/Include/system_stm32l0xx.h"
  85              		.file 6 "Drivers/CMSIS/Device/ST/STM32L0xx/Include/stm32l073xx.h"
  86              		.file 7 "Drivers/CMSIS/Device/ST/STM32L0xx/Include/stm32l0xx.h"
  87              		.file 8 "/usr/arm-none-eabi/include/sys/lock.h"
  88              		.file 9 "/usr/arm-none-eabi/include/sys/_types.h"
  89              		.file 10 "/usr/lib/gcc/arm-none-eabi/7.2.0/include/stddef.h"
  90              		.file 11 "/usr/arm-none-eabi/include/sys/reent.h"
ARM GAS  /tmp/cca0JcEC.s 			page 11


DEFINED SYMBOLS
                            *ABS*:0000000000000000 stm32l0xx_ll_crc.c
     /tmp/cca0JcEC.s:16     .text.LL_CRC_DeInit:0000000000000000 $t
     /tmp/cca0JcEC.s:23     .text.LL_CRC_DeInit:0000000000000000 LL_CRC_DeInit
     /tmp/cca0JcEC.s:74     .text.LL_CRC_DeInit:0000000000000024 $d
                     .debug_frame:0000000000000010 $d

NO UNDEFINED SYMBOLS
