ARM GAS  /tmp/ccS1GlwB.s 			page 1


   1              		.cpu cortex-m0plus
   2              		.eabi_attribute 20, 1
   3              		.eabi_attribute 21, 1
   4              		.eabi_attribute 23, 3
   5              		.eabi_attribute 24, 1
   6              		.eabi_attribute 25, 1
   7              		.eabi_attribute 26, 1
   8              		.eabi_attribute 30, 1
   9              		.eabi_attribute 34, 0
  10              		.eabi_attribute 18, 4
  11              		.file	"stm32l0xx_hal_adc_ex.c"
  12              		.text
  13              	.Ltext0:
  14              		.cfi_sections	.debug_frame
  15              		.section	.text.HAL_ADCEx_Calibration_Start,"ax",%progbits
  16              		.align	1
  17              		.global	HAL_ADCEx_Calibration_Start
  18              		.syntax unified
  19              		.code	16
  20              		.thumb_func
  21              		.fpu softvfp
  23              	HAL_ADCEx_Calibration_Start:
  24              	.LFB39:
  25              		.file 1 "./Drivers/STM32L0xx_HAL_Driver/Src/stm32l0xx_hal_adc_ex.c"
   1:./Drivers/STM32L0xx_HAL_Driver/Src/stm32l0xx_hal_adc_ex.c **** /**
   2:./Drivers/STM32L0xx_HAL_Driver/Src/stm32l0xx_hal_adc_ex.c ****   ******************************************************************************
   3:./Drivers/STM32L0xx_HAL_Driver/Src/stm32l0xx_hal_adc_ex.c ****   * @file    stm32l0xx_hal_adc_ex.c
   4:./Drivers/STM32L0xx_HAL_Driver/Src/stm32l0xx_hal_adc_ex.c ****   * @author  MCD Application Team
   5:./Drivers/STM32L0xx_HAL_Driver/Src/stm32l0xx_hal_adc_ex.c ****   * @brief   This file provides firmware functions to manage the following 
   6:./Drivers/STM32L0xx_HAL_Driver/Src/stm32l0xx_hal_adc_ex.c ****   *          functionalities of the Analog to Digital Convertor (ADC)
   7:./Drivers/STM32L0xx_HAL_Driver/Src/stm32l0xx_hal_adc_ex.c ****   *          peripheral:
   8:./Drivers/STM32L0xx_HAL_Driver/Src/stm32l0xx_hal_adc_ex.c ****   *           + Operation functions
   9:./Drivers/STM32L0xx_HAL_Driver/Src/stm32l0xx_hal_adc_ex.c ****   *             ++ Calibration
  10:./Drivers/STM32L0xx_HAL_Driver/Src/stm32l0xx_hal_adc_ex.c ****   *               +++ ADC automatic self-calibration
  11:./Drivers/STM32L0xx_HAL_Driver/Src/stm32l0xx_hal_adc_ex.c ****   *               +++ Calibration factors get or set
  12:./Drivers/STM32L0xx_HAL_Driver/Src/stm32l0xx_hal_adc_ex.c ****   *          Other functions (generic functions) are available in file 
  13:./Drivers/STM32L0xx_HAL_Driver/Src/stm32l0xx_hal_adc_ex.c ****   *          "stm32l0xx_hal_adc.c".
  14:./Drivers/STM32L0xx_HAL_Driver/Src/stm32l0xx_hal_adc_ex.c ****   *
  15:./Drivers/STM32L0xx_HAL_Driver/Src/stm32l0xx_hal_adc_ex.c ****   @verbatim
  16:./Drivers/STM32L0xx_HAL_Driver/Src/stm32l0xx_hal_adc_ex.c ****   [..] 
  17:./Drivers/STM32L0xx_HAL_Driver/Src/stm32l0xx_hal_adc_ex.c ****   (@) Sections "ADC peripheral features" and "How to use this driver" are
  18:./Drivers/STM32L0xx_HAL_Driver/Src/stm32l0xx_hal_adc_ex.c ****       available in file of generic functions "stm32l0xx_hal_adc.c".
  19:./Drivers/STM32L0xx_HAL_Driver/Src/stm32l0xx_hal_adc_ex.c ****   [..]
  20:./Drivers/STM32L0xx_HAL_Driver/Src/stm32l0xx_hal_adc_ex.c ****   @endverbatim
  21:./Drivers/STM32L0xx_HAL_Driver/Src/stm32l0xx_hal_adc_ex.c ****   ******************************************************************************
  22:./Drivers/STM32L0xx_HAL_Driver/Src/stm32l0xx_hal_adc_ex.c ****   * @attention
  23:./Drivers/STM32L0xx_HAL_Driver/Src/stm32l0xx_hal_adc_ex.c ****   *
  24:./Drivers/STM32L0xx_HAL_Driver/Src/stm32l0xx_hal_adc_ex.c ****   * <h2><center>&copy; COPYRIGHT(c) 2016 STMicroelectronics</center></h2>
  25:./Drivers/STM32L0xx_HAL_Driver/Src/stm32l0xx_hal_adc_ex.c ****   *
  26:./Drivers/STM32L0xx_HAL_Driver/Src/stm32l0xx_hal_adc_ex.c ****   * Redistribution and use in source and binary forms, with or without modification,
  27:./Drivers/STM32L0xx_HAL_Driver/Src/stm32l0xx_hal_adc_ex.c ****   * are permitted provided that the following conditions are met:
  28:./Drivers/STM32L0xx_HAL_Driver/Src/stm32l0xx_hal_adc_ex.c ****   *   1. Redistributions of source code must retain the above copyright notice,
  29:./Drivers/STM32L0xx_HAL_Driver/Src/stm32l0xx_hal_adc_ex.c ****   *      this list of conditions and the following disclaimer.
  30:./Drivers/STM32L0xx_HAL_Driver/Src/stm32l0xx_hal_adc_ex.c ****   *   2. Redistributions in binary form must reproduce the above copyright notice,
  31:./Drivers/STM32L0xx_HAL_Driver/Src/stm32l0xx_hal_adc_ex.c ****   *      this list of conditions and the following disclaimer in the documentation
  32:./Drivers/STM32L0xx_HAL_Driver/Src/stm32l0xx_hal_adc_ex.c ****   *      and/or other materials provided with the distribution.
  33:./Drivers/STM32L0xx_HAL_Driver/Src/stm32l0xx_hal_adc_ex.c ****   *   3. Neither the name of STMicroelectronics nor the names of its contributors
ARM GAS  /tmp/ccS1GlwB.s 			page 2


  34:./Drivers/STM32L0xx_HAL_Driver/Src/stm32l0xx_hal_adc_ex.c ****   *      may be used to endorse or promote products derived from this software
  35:./Drivers/STM32L0xx_HAL_Driver/Src/stm32l0xx_hal_adc_ex.c ****   *      without specific prior written permission.
  36:./Drivers/STM32L0xx_HAL_Driver/Src/stm32l0xx_hal_adc_ex.c ****   *
  37:./Drivers/STM32L0xx_HAL_Driver/Src/stm32l0xx_hal_adc_ex.c ****   * THIS SOFTWARE IS PROVIDED BY THE COPYRIGHT HOLDERS AND CONTRIBUTORS "AS IS"
  38:./Drivers/STM32L0xx_HAL_Driver/Src/stm32l0xx_hal_adc_ex.c ****   * AND ANY EXPRESS OR IMPLIED WARRANTIES, INCLUDING, BUT NOT LIMITED TO, THE
  39:./Drivers/STM32L0xx_HAL_Driver/Src/stm32l0xx_hal_adc_ex.c ****   * IMPLIED WARRANTIES OF MERCHANTABILITY AND FITNESS FOR A PARTICULAR PURPOSE ARE
  40:./Drivers/STM32L0xx_HAL_Driver/Src/stm32l0xx_hal_adc_ex.c ****   * DISCLAIMED. IN NO EVENT SHALL THE COPYRIGHT HOLDER OR CONTRIBUTORS BE LIABLE
  41:./Drivers/STM32L0xx_HAL_Driver/Src/stm32l0xx_hal_adc_ex.c ****   * FOR ANY DIRECT, INDIRECT, INCIDENTAL, SPECIAL, EXEMPLARY, OR CONSEQUENTIAL
  42:./Drivers/STM32L0xx_HAL_Driver/Src/stm32l0xx_hal_adc_ex.c ****   * DAMAGES (INCLUDING, BUT NOT LIMITED TO, PROCUREMENT OF SUBSTITUTE GOODS OR
  43:./Drivers/STM32L0xx_HAL_Driver/Src/stm32l0xx_hal_adc_ex.c ****   * SERVICES; LOSS OF USE, DATA, OR PROFITS; OR BUSINESS INTERRUPTION) HOWEVER
  44:./Drivers/STM32L0xx_HAL_Driver/Src/stm32l0xx_hal_adc_ex.c ****   * CAUSED AND ON ANY THEORY OF LIABILITY, WHETHER IN CONTRACT, STRICT LIABILITY,
  45:./Drivers/STM32L0xx_HAL_Driver/Src/stm32l0xx_hal_adc_ex.c ****   * OR TORT (INCLUDING NEGLIGENCE OR OTHERWISE) ARISING IN ANY WAY OUT OF THE USE
  46:./Drivers/STM32L0xx_HAL_Driver/Src/stm32l0xx_hal_adc_ex.c ****   * OF THIS SOFTWARE, EVEN IF ADVISED OF THE POSSIBILITY OF SUCH DAMAGE.
  47:./Drivers/STM32L0xx_HAL_Driver/Src/stm32l0xx_hal_adc_ex.c ****   *
  48:./Drivers/STM32L0xx_HAL_Driver/Src/stm32l0xx_hal_adc_ex.c ****   ******************************************************************************
  49:./Drivers/STM32L0xx_HAL_Driver/Src/stm32l0xx_hal_adc_ex.c ****   */
  50:./Drivers/STM32L0xx_HAL_Driver/Src/stm32l0xx_hal_adc_ex.c **** 
  51:./Drivers/STM32L0xx_HAL_Driver/Src/stm32l0xx_hal_adc_ex.c **** /* Includes ------------------------------------------------------------------*/
  52:./Drivers/STM32L0xx_HAL_Driver/Src/stm32l0xx_hal_adc_ex.c **** #include "stm32l0xx_hal.h"
  53:./Drivers/STM32L0xx_HAL_Driver/Src/stm32l0xx_hal_adc_ex.c **** 
  54:./Drivers/STM32L0xx_HAL_Driver/Src/stm32l0xx_hal_adc_ex.c **** /** @addtogroup STM32L0xx_HAL_Driver
  55:./Drivers/STM32L0xx_HAL_Driver/Src/stm32l0xx_hal_adc_ex.c ****   * @{
  56:./Drivers/STM32L0xx_HAL_Driver/Src/stm32l0xx_hal_adc_ex.c ****   */
  57:./Drivers/STM32L0xx_HAL_Driver/Src/stm32l0xx_hal_adc_ex.c **** 
  58:./Drivers/STM32L0xx_HAL_Driver/Src/stm32l0xx_hal_adc_ex.c **** /** @defgroup ADCEx ADCEx
  59:./Drivers/STM32L0xx_HAL_Driver/Src/stm32l0xx_hal_adc_ex.c ****   * @brief ADC Extended HAL module driver
  60:./Drivers/STM32L0xx_HAL_Driver/Src/stm32l0xx_hal_adc_ex.c ****   * @{
  61:./Drivers/STM32L0xx_HAL_Driver/Src/stm32l0xx_hal_adc_ex.c ****   */
  62:./Drivers/STM32L0xx_HAL_Driver/Src/stm32l0xx_hal_adc_ex.c **** 
  63:./Drivers/STM32L0xx_HAL_Driver/Src/stm32l0xx_hal_adc_ex.c **** #ifdef HAL_ADC_MODULE_ENABLED
  64:./Drivers/STM32L0xx_HAL_Driver/Src/stm32l0xx_hal_adc_ex.c **** 
  65:./Drivers/STM32L0xx_HAL_Driver/Src/stm32l0xx_hal_adc_ex.c **** /* Private typedef -----------------------------------------------------------*/
  66:./Drivers/STM32L0xx_HAL_Driver/Src/stm32l0xx_hal_adc_ex.c **** /* Private define ------------------------------------------------------------*/
  67:./Drivers/STM32L0xx_HAL_Driver/Src/stm32l0xx_hal_adc_ex.c **** 
  68:./Drivers/STM32L0xx_HAL_Driver/Src/stm32l0xx_hal_adc_ex.c **** /** @defgroup ADCEx_Private_Constants ADC Extended Private Constants
  69:./Drivers/STM32L0xx_HAL_Driver/Src/stm32l0xx_hal_adc_ex.c ****   * @{
  70:./Drivers/STM32L0xx_HAL_Driver/Src/stm32l0xx_hal_adc_ex.c ****   */
  71:./Drivers/STM32L0xx_HAL_Driver/Src/stm32l0xx_hal_adc_ex.c **** 
  72:./Drivers/STM32L0xx_HAL_Driver/Src/stm32l0xx_hal_adc_ex.c ****   /* Fixed timeout values for ADC calibration, enable settling time, disable  */
  73:./Drivers/STM32L0xx_HAL_Driver/Src/stm32l0xx_hal_adc_ex.c ****   /* settling time.                                                           */
  74:./Drivers/STM32L0xx_HAL_Driver/Src/stm32l0xx_hal_adc_ex.c ****   /* Values defined to be higher than worst cases: low clock frequency,       */
  75:./Drivers/STM32L0xx_HAL_Driver/Src/stm32l0xx_hal_adc_ex.c ****   /* maximum prescaler.                                                       */
  76:./Drivers/STM32L0xx_HAL_Driver/Src/stm32l0xx_hal_adc_ex.c ****   /* Unit: ms                                                                 */
  77:./Drivers/STM32L0xx_HAL_Driver/Src/stm32l0xx_hal_adc_ex.c ****   #define ADC_CALIBRATION_TIMEOUT      10U      
  78:./Drivers/STM32L0xx_HAL_Driver/Src/stm32l0xx_hal_adc_ex.c **** 
  79:./Drivers/STM32L0xx_HAL_Driver/Src/stm32l0xx_hal_adc_ex.c **** /* Delay for VREFINT stabilization time. */
  80:./Drivers/STM32L0xx_HAL_Driver/Src/stm32l0xx_hal_adc_ex.c **** /* Internal reference startup time max value is 3ms  (refer to device datasheet, parameter TVREFINT
  81:./Drivers/STM32L0xx_HAL_Driver/Src/stm32l0xx_hal_adc_ex.c **** /* Unit: ms */
  82:./Drivers/STM32L0xx_HAL_Driver/Src/stm32l0xx_hal_adc_ex.c **** #define SYSCFG_BUF_VREFINT_ENABLE_TIMEOUT       ((uint32_t) 3U)
  83:./Drivers/STM32L0xx_HAL_Driver/Src/stm32l0xx_hal_adc_ex.c **** 
  84:./Drivers/STM32L0xx_HAL_Driver/Src/stm32l0xx_hal_adc_ex.c **** /* Delay for TEMPSENSOR stabilization time. */
  85:./Drivers/STM32L0xx_HAL_Driver/Src/stm32l0xx_hal_adc_ex.c **** /* Temperature sensor startup time max value is 10us  (refer to device datasheet, parameter tSTART)
  86:./Drivers/STM32L0xx_HAL_Driver/Src/stm32l0xx_hal_adc_ex.c **** /* Unit: ms */
  87:./Drivers/STM32L0xx_HAL_Driver/Src/stm32l0xx_hal_adc_ex.c **** #define SYSCFG_BUF_TEMPSENSOR_ENABLE_TIMEOUT    ((uint32_t) 1U)
  88:./Drivers/STM32L0xx_HAL_Driver/Src/stm32l0xx_hal_adc_ex.c **** 
  89:./Drivers/STM32L0xx_HAL_Driver/Src/stm32l0xx_hal_adc_ex.c **** /* Private macro -------------------------------------------------------------*/
  90:./Drivers/STM32L0xx_HAL_Driver/Src/stm32l0xx_hal_adc_ex.c **** /* Private variables ---------------------------------------------------------*/
ARM GAS  /tmp/ccS1GlwB.s 			page 3


  91:./Drivers/STM32L0xx_HAL_Driver/Src/stm32l0xx_hal_adc_ex.c **** /* Private function prototypes -----------------------------------------------*/
  92:./Drivers/STM32L0xx_HAL_Driver/Src/stm32l0xx_hal_adc_ex.c **** /* Exported functions --------------------------------------------------------*/
  93:./Drivers/STM32L0xx_HAL_Driver/Src/stm32l0xx_hal_adc_ex.c **** 
  94:./Drivers/STM32L0xx_HAL_Driver/Src/stm32l0xx_hal_adc_ex.c **** /** @defgroup ADCEx_Exported_Functions ADC Extended Exported Functions
  95:./Drivers/STM32L0xx_HAL_Driver/Src/stm32l0xx_hal_adc_ex.c ****   * @{
  96:./Drivers/STM32L0xx_HAL_Driver/Src/stm32l0xx_hal_adc_ex.c ****   */
  97:./Drivers/STM32L0xx_HAL_Driver/Src/stm32l0xx_hal_adc_ex.c **** 
  98:./Drivers/STM32L0xx_HAL_Driver/Src/stm32l0xx_hal_adc_ex.c **** /** @defgroup ADCEx_Exported_Functions_Group1 Extended Input and Output operation functions
  99:./Drivers/STM32L0xx_HAL_Driver/Src/stm32l0xx_hal_adc_ex.c ****   * @brief    Extended IO operation functions
 100:./Drivers/STM32L0xx_HAL_Driver/Src/stm32l0xx_hal_adc_ex.c ****   *
 101:./Drivers/STM32L0xx_HAL_Driver/Src/stm32l0xx_hal_adc_ex.c **** @verbatim
 102:./Drivers/STM32L0xx_HAL_Driver/Src/stm32l0xx_hal_adc_ex.c ****  ===============================================================================
 103:./Drivers/STM32L0xx_HAL_Driver/Src/stm32l0xx_hal_adc_ex.c ****                       ##### IO operation functions #####
 104:./Drivers/STM32L0xx_HAL_Driver/Src/stm32l0xx_hal_adc_ex.c ****  ===============================================================================
 105:./Drivers/STM32L0xx_HAL_Driver/Src/stm32l0xx_hal_adc_ex.c ****     [..]  This section provides functions allowing to:
 106:./Drivers/STM32L0xx_HAL_Driver/Src/stm32l0xx_hal_adc_ex.c ****       (+) Perform the ADC calibration.
 107:./Drivers/STM32L0xx_HAL_Driver/Src/stm32l0xx_hal_adc_ex.c **** @endverbatim
 108:./Drivers/STM32L0xx_HAL_Driver/Src/stm32l0xx_hal_adc_ex.c ****   * @{
 109:./Drivers/STM32L0xx_HAL_Driver/Src/stm32l0xx_hal_adc_ex.c ****   */
 110:./Drivers/STM32L0xx_HAL_Driver/Src/stm32l0xx_hal_adc_ex.c **** 
 111:./Drivers/STM32L0xx_HAL_Driver/Src/stm32l0xx_hal_adc_ex.c **** /**
 112:./Drivers/STM32L0xx_HAL_Driver/Src/stm32l0xx_hal_adc_ex.c ****   * @brief  Perform an ADC automatic self-calibration
 113:./Drivers/STM32L0xx_HAL_Driver/Src/stm32l0xx_hal_adc_ex.c ****   *         Calibration prerequisite: ADC must be disabled (execute this
 114:./Drivers/STM32L0xx_HAL_Driver/Src/stm32l0xx_hal_adc_ex.c ****   *         function before HAL_ADC_Start() or after HAL_ADC_Stop() ).
 115:./Drivers/STM32L0xx_HAL_Driver/Src/stm32l0xx_hal_adc_ex.c ****   * @note   Calibration factor can be read after calibration, using function
 116:./Drivers/STM32L0xx_HAL_Driver/Src/stm32l0xx_hal_adc_ex.c ****   *         HAL_ADC_GetValue() (value on 7 bits: from DR[6;0]).
 117:./Drivers/STM32L0xx_HAL_Driver/Src/stm32l0xx_hal_adc_ex.c ****   * @param  hadc       ADC handle
 118:./Drivers/STM32L0xx_HAL_Driver/Src/stm32l0xx_hal_adc_ex.c ****   * @param  SingleDiff: Selection of single-ended or differential input
 119:./Drivers/STM32L0xx_HAL_Driver/Src/stm32l0xx_hal_adc_ex.c ****   *          This parameter can be only of the following values:
 120:./Drivers/STM32L0xx_HAL_Driver/Src/stm32l0xx_hal_adc_ex.c ****   *            @arg ADC_SINGLE_ENDED: Channel in mode input single ended
 121:./Drivers/STM32L0xx_HAL_Driver/Src/stm32l0xx_hal_adc_ex.c ****   * @retval HAL status
 122:./Drivers/STM32L0xx_HAL_Driver/Src/stm32l0xx_hal_adc_ex.c ****   */
 123:./Drivers/STM32L0xx_HAL_Driver/Src/stm32l0xx_hal_adc_ex.c **** HAL_StatusTypeDef HAL_ADCEx_Calibration_Start(ADC_HandleTypeDef* hadc, uint32_t SingleDiff)
 124:./Drivers/STM32L0xx_HAL_Driver/Src/stm32l0xx_hal_adc_ex.c **** {
  26              		.loc 1 124 0
  27              		.cfi_startproc
  28              		@ args = 0, pretend = 0, frame = 0
  29              		@ frame_needed = 0, uses_anonymous_args = 0
  30              	.LVL0:
  31 0000 70B5     		push	{r4, r5, r6, lr}
  32              	.LCFI0:
  33              		.cfi_def_cfa_offset 16
  34              		.cfi_offset 4, -16
  35              		.cfi_offset 5, -12
  36              		.cfi_offset 6, -8
  37              		.cfi_offset 14, -4
  38 0002 0400     		movs	r4, r0
  39              	.LVL1:
 125:./Drivers/STM32L0xx_HAL_Driver/Src/stm32l0xx_hal_adc_ex.c ****   HAL_StatusTypeDef tmp_hal_status = HAL_OK;
 126:./Drivers/STM32L0xx_HAL_Driver/Src/stm32l0xx_hal_adc_ex.c ****   uint32_t tickstart = 0U;
 127:./Drivers/STM32L0xx_HAL_Driver/Src/stm32l0xx_hal_adc_ex.c ****   uint32_t backup_setting_adc_dma_transfer = 0U; /* Note: Variable not declared as volatile because
 128:./Drivers/STM32L0xx_HAL_Driver/Src/stm32l0xx_hal_adc_ex.c ****   
 129:./Drivers/STM32L0xx_HAL_Driver/Src/stm32l0xx_hal_adc_ex.c ****   /* Check the parameters */
 130:./Drivers/STM32L0xx_HAL_Driver/Src/stm32l0xx_hal_adc_ex.c ****   assert_param(IS_ADC_ALL_INSTANCE(hadc->Instance));
 131:./Drivers/STM32L0xx_HAL_Driver/Src/stm32l0xx_hal_adc_ex.c **** 
 132:./Drivers/STM32L0xx_HAL_Driver/Src/stm32l0xx_hal_adc_ex.c ****   /* Process locked */
 133:./Drivers/STM32L0xx_HAL_Driver/Src/stm32l0xx_hal_adc_ex.c ****   __HAL_LOCK(hadc);
ARM GAS  /tmp/ccS1GlwB.s 			page 4


  40              		.loc 1 133 0
  41 0004 5423     		movs	r3, #84
  42 0006 C35C     		ldrb	r3, [r0, r3]
  43 0008 012B     		cmp	r3, #1
  44 000a 49D0     		beq	.L7
  45              		.loc 1 133 0 is_stmt 0 discriminator 2
  46 000c 5423     		movs	r3, #84
  47 000e 0122     		movs	r2, #1
  48 0010 C254     		strb	r2, [r0, r3]
 134:./Drivers/STM32L0xx_HAL_Driver/Src/stm32l0xx_hal_adc_ex.c ****   
 135:./Drivers/STM32L0xx_HAL_Driver/Src/stm32l0xx_hal_adc_ex.c ****   /* Calibration prerequisite: ADC must be disabled. */
 136:./Drivers/STM32L0xx_HAL_Driver/Src/stm32l0xx_hal_adc_ex.c ****   if (ADC_IS_ENABLE(hadc) == RESET)
  49              		.loc 1 136 0 is_stmt 1 discriminator 2
  50 0012 0368     		ldr	r3, [r0]
  51 0014 9968     		ldr	r1, [r3, #8]
  52              	.LVL2:
  53 0016 0232     		adds	r2, r2, #2
  54 0018 0A40     		ands	r2, r1
  55 001a 012A     		cmp	r2, #1
  56 001c 08D1     		bne	.L3
  57              		.loc 1 136 0 is_stmt 0 discriminator 1
  58 001e 1A68     		ldr	r2, [r3]
  59 0020 D207     		lsls	r2, r2, #31
  60 0022 05D5     		bpl	.L3
 137:./Drivers/STM32L0xx_HAL_Driver/Src/stm32l0xx_hal_adc_ex.c ****   {
 138:./Drivers/STM32L0xx_HAL_Driver/Src/stm32l0xx_hal_adc_ex.c ****     /* Set ADC state */
 139:./Drivers/STM32L0xx_HAL_Driver/Src/stm32l0xx_hal_adc_ex.c ****     ADC_STATE_CLR_SET(hadc->State, 
 140:./Drivers/STM32L0xx_HAL_Driver/Src/stm32l0xx_hal_adc_ex.c ****                       HAL_ADC_STATE_REG_BUSY,
 141:./Drivers/STM32L0xx_HAL_Driver/Src/stm32l0xx_hal_adc_ex.c ****                       HAL_ADC_STATE_BUSY_INTERNAL);
 142:./Drivers/STM32L0xx_HAL_Driver/Src/stm32l0xx_hal_adc_ex.c ****     
 143:./Drivers/STM32L0xx_HAL_Driver/Src/stm32l0xx_hal_adc_ex.c ****     /* Disable ADC DMA transfer request during calibration */
 144:./Drivers/STM32L0xx_HAL_Driver/Src/stm32l0xx_hal_adc_ex.c ****     /* Note: Specificity of this STM32 serie: Calibration factor is           */
 145:./Drivers/STM32L0xx_HAL_Driver/Src/stm32l0xx_hal_adc_ex.c ****     /*       available in data register and also transfered by DMA.           */
 146:./Drivers/STM32L0xx_HAL_Driver/Src/stm32l0xx_hal_adc_ex.c ****     /*       To not insert ADC calibration factor among ADC conversion data   */
 147:./Drivers/STM32L0xx_HAL_Driver/Src/stm32l0xx_hal_adc_ex.c ****     /*       in array variable, DMA transfer must be disabled during          */
 148:./Drivers/STM32L0xx_HAL_Driver/Src/stm32l0xx_hal_adc_ex.c ****     /*       calibration.                                                     */
 149:./Drivers/STM32L0xx_HAL_Driver/Src/stm32l0xx_hal_adc_ex.c ****     backup_setting_adc_dma_transfer = READ_BIT(hadc->Instance->CFGR1, ADC_CFGR1_DMAEN | ADC_CFGR1_D
 150:./Drivers/STM32L0xx_HAL_Driver/Src/stm32l0xx_hal_adc_ex.c ****     CLEAR_BIT(hadc->Instance->CFGR1, ADC_CFGR1_DMAEN | ADC_CFGR1_DMACFG);
 151:./Drivers/STM32L0xx_HAL_Driver/Src/stm32l0xx_hal_adc_ex.c ****     
 152:./Drivers/STM32L0xx_HAL_Driver/Src/stm32l0xx_hal_adc_ex.c ****     /* Start ADC calibration */
 153:./Drivers/STM32L0xx_HAL_Driver/Src/stm32l0xx_hal_adc_ex.c ****     hadc->Instance->CR |= ADC_CR_ADCAL;
 154:./Drivers/STM32L0xx_HAL_Driver/Src/stm32l0xx_hal_adc_ex.c ****     
 155:./Drivers/STM32L0xx_HAL_Driver/Src/stm32l0xx_hal_adc_ex.c ****     tickstart = HAL_GetTick();  
 156:./Drivers/STM32L0xx_HAL_Driver/Src/stm32l0xx_hal_adc_ex.c ****     
 157:./Drivers/STM32L0xx_HAL_Driver/Src/stm32l0xx_hal_adc_ex.c ****     /* Wait for calibration completion */
 158:./Drivers/STM32L0xx_HAL_Driver/Src/stm32l0xx_hal_adc_ex.c ****     while(HAL_IS_BIT_SET(hadc->Instance->CR, ADC_CR_ADCAL))
 159:./Drivers/STM32L0xx_HAL_Driver/Src/stm32l0xx_hal_adc_ex.c ****     {
 160:./Drivers/STM32L0xx_HAL_Driver/Src/stm32l0xx_hal_adc_ex.c ****       if((HAL_GetTick() - tickstart) > ADC_CALIBRATION_TIMEOUT)
 161:./Drivers/STM32L0xx_HAL_Driver/Src/stm32l0xx_hal_adc_ex.c ****       {
 162:./Drivers/STM32L0xx_HAL_Driver/Src/stm32l0xx_hal_adc_ex.c ****         /* Update ADC state machine to error */
 163:./Drivers/STM32L0xx_HAL_Driver/Src/stm32l0xx_hal_adc_ex.c ****         ADC_STATE_CLR_SET(hadc->State,
 164:./Drivers/STM32L0xx_HAL_Driver/Src/stm32l0xx_hal_adc_ex.c ****                           HAL_ADC_STATE_BUSY_INTERNAL,
 165:./Drivers/STM32L0xx_HAL_Driver/Src/stm32l0xx_hal_adc_ex.c ****                           HAL_ADC_STATE_ERROR_INTERNAL);
 166:./Drivers/STM32L0xx_HAL_Driver/Src/stm32l0xx_hal_adc_ex.c ****         
 167:./Drivers/STM32L0xx_HAL_Driver/Src/stm32l0xx_hal_adc_ex.c ****         /* Process unlocked */
 168:./Drivers/STM32L0xx_HAL_Driver/Src/stm32l0xx_hal_adc_ex.c ****         __HAL_UNLOCK(hadc);
 169:./Drivers/STM32L0xx_HAL_Driver/Src/stm32l0xx_hal_adc_ex.c ****         
ARM GAS  /tmp/ccS1GlwB.s 			page 5


 170:./Drivers/STM32L0xx_HAL_Driver/Src/stm32l0xx_hal_adc_ex.c ****         return HAL_ERROR;
 171:./Drivers/STM32L0xx_HAL_Driver/Src/stm32l0xx_hal_adc_ex.c ****       }
 172:./Drivers/STM32L0xx_HAL_Driver/Src/stm32l0xx_hal_adc_ex.c ****     }
 173:./Drivers/STM32L0xx_HAL_Driver/Src/stm32l0xx_hal_adc_ex.c ****     
 174:./Drivers/STM32L0xx_HAL_Driver/Src/stm32l0xx_hal_adc_ex.c ****     /* Restore ADC DMA transfer request after calibration */
 175:./Drivers/STM32L0xx_HAL_Driver/Src/stm32l0xx_hal_adc_ex.c ****     SET_BIT(hadc->Instance->CFGR1, backup_setting_adc_dma_transfer);
 176:./Drivers/STM32L0xx_HAL_Driver/Src/stm32l0xx_hal_adc_ex.c ****     
 177:./Drivers/STM32L0xx_HAL_Driver/Src/stm32l0xx_hal_adc_ex.c ****     /* Set ADC state */
 178:./Drivers/STM32L0xx_HAL_Driver/Src/stm32l0xx_hal_adc_ex.c ****     ADC_STATE_CLR_SET(hadc->State,
 179:./Drivers/STM32L0xx_HAL_Driver/Src/stm32l0xx_hal_adc_ex.c ****                       HAL_ADC_STATE_BUSY_INTERNAL,
 180:./Drivers/STM32L0xx_HAL_Driver/Src/stm32l0xx_hal_adc_ex.c ****                       HAL_ADC_STATE_READY);
 181:./Drivers/STM32L0xx_HAL_Driver/Src/stm32l0xx_hal_adc_ex.c ****   }
 182:./Drivers/STM32L0xx_HAL_Driver/Src/stm32l0xx_hal_adc_ex.c ****   else
 183:./Drivers/STM32L0xx_HAL_Driver/Src/stm32l0xx_hal_adc_ex.c ****   {
 184:./Drivers/STM32L0xx_HAL_Driver/Src/stm32l0xx_hal_adc_ex.c ****     /* Update ADC state machine to error */
 185:./Drivers/STM32L0xx_HAL_Driver/Src/stm32l0xx_hal_adc_ex.c ****     SET_BIT(hadc->State, HAL_ADC_STATE_ERROR_CONFIG);
  61              		.loc 1 185 0 is_stmt 1
  62 0024 836D     		ldr	r3, [r0, #88]
  63 0026 2022     		movs	r2, #32
  64 0028 1343     		orrs	r3, r2
  65 002a 8365     		str	r3, [r0, #88]
  66              	.LVL3:
 186:./Drivers/STM32L0xx_HAL_Driver/Src/stm32l0xx_hal_adc_ex.c ****     
 187:./Drivers/STM32L0xx_HAL_Driver/Src/stm32l0xx_hal_adc_ex.c ****     tmp_hal_status = HAL_ERROR;
  67              		.loc 1 187 0
  68 002c 0120     		movs	r0, #1
  69              	.LVL4:
  70 002e 33E0     		b	.L4
  71              	.LVL5:
  72              	.L3:
 139:./Drivers/STM32L0xx_HAL_Driver/Src/stm32l0xx_hal_adc_ex.c ****                       HAL_ADC_STATE_REG_BUSY,
  73              		.loc 1 139 0
  74 0030 A26D     		ldr	r2, [r4, #88]
  75 0032 1C49     		ldr	r1, .L9
  76 0034 0A40     		ands	r2, r1
  77 0036 0631     		adds	r1, r1, #6
  78 0038 FF31     		adds	r1, r1, #255
  79 003a 0A43     		orrs	r2, r1
  80 003c A265     		str	r2, [r4, #88]
 149:./Drivers/STM32L0xx_HAL_Driver/Src/stm32l0xx_hal_adc_ex.c ****     CLEAR_BIT(hadc->Instance->CFGR1, ADC_CFGR1_DMAEN | ADC_CFGR1_DMACFG);
  81              		.loc 1 149 0
  82 003e DE68     		ldr	r6, [r3, #12]
  83 0040 0131     		adds	r1, r1, #1
  84 0042 0E40     		ands	r6, r1
  85              	.LVL6:
 150:./Drivers/STM32L0xx_HAL_Driver/Src/stm32l0xx_hal_adc_ex.c ****     
  86              		.loc 1 150 0
  87 0044 DA68     		ldr	r2, [r3, #12]
  88 0046 8A43     		bics	r2, r1
  89 0048 DA60     		str	r2, [r3, #12]
 153:./Drivers/STM32L0xx_HAL_Driver/Src/stm32l0xx_hal_adc_ex.c ****     
  90              		.loc 1 153 0
  91 004a 2268     		ldr	r2, [r4]
  92 004c 9168     		ldr	r1, [r2, #8]
  93 004e 8023     		movs	r3, #128
  94 0050 1B06     		lsls	r3, r3, #24
  95 0052 0B43     		orrs	r3, r1
ARM GAS  /tmp/ccS1GlwB.s 			page 6


  96 0054 9360     		str	r3, [r2, #8]
 155:./Drivers/STM32L0xx_HAL_Driver/Src/stm32l0xx_hal_adc_ex.c ****     
  97              		.loc 1 155 0
  98 0056 FFF7FEFF 		bl	HAL_GetTick
  99              	.LVL7:
 100 005a 0500     		movs	r5, r0
 101              	.LVL8:
 102              	.L5:
 158:./Drivers/STM32L0xx_HAL_Driver/Src/stm32l0xx_hal_adc_ex.c ****     {
 103              		.loc 1 158 0
 104 005c 2368     		ldr	r3, [r4]
 105 005e 9A68     		ldr	r2, [r3, #8]
 106 0060 002A     		cmp	r2, #0
 107 0062 0FDA     		bge	.L8
 160:./Drivers/STM32L0xx_HAL_Driver/Src/stm32l0xx_hal_adc_ex.c ****       {
 108              		.loc 1 160 0
 109 0064 FFF7FEFF 		bl	HAL_GetTick
 110              	.LVL9:
 111 0068 401B     		subs	r0, r0, r5
 112 006a 0A28     		cmp	r0, #10
 113 006c F6D9     		bls	.L5
 163:./Drivers/STM32L0xx_HAL_Driver/Src/stm32l0xx_hal_adc_ex.c ****                           HAL_ADC_STATE_BUSY_INTERNAL,
 114              		.loc 1 163 0
 115 006e A36D     		ldr	r3, [r4, #88]
 116 0070 1222     		movs	r2, #18
 117 0072 9343     		bics	r3, r2
 118 0074 023A     		subs	r2, r2, #2
 119 0076 1343     		orrs	r3, r2
 120 0078 A365     		str	r3, [r4, #88]
 168:./Drivers/STM32L0xx_HAL_Driver/Src/stm32l0xx_hal_adc_ex.c ****         
 121              		.loc 1 168 0
 122 007a 5423     		movs	r3, #84
 123 007c 0022     		movs	r2, #0
 124 007e E254     		strb	r2, [r4, r3]
 170:./Drivers/STM32L0xx_HAL_Driver/Src/stm32l0xx_hal_adc_ex.c ****       }
 125              		.loc 1 170 0
 126 0080 0120     		movs	r0, #1
 127 0082 0CE0     		b	.L2
 128              	.L8:
 175:./Drivers/STM32L0xx_HAL_Driver/Src/stm32l0xx_hal_adc_ex.c ****     
 129              		.loc 1 175 0
 130 0084 DA68     		ldr	r2, [r3, #12]
 131 0086 1643     		orrs	r6, r2
 132              	.LVL10:
 133 0088 DE60     		str	r6, [r3, #12]
 178:./Drivers/STM32L0xx_HAL_Driver/Src/stm32l0xx_hal_adc_ex.c ****                       HAL_ADC_STATE_BUSY_INTERNAL,
 134              		.loc 1 178 0
 135 008a A36D     		ldr	r3, [r4, #88]
 136 008c 0322     		movs	r2, #3
 137 008e 9343     		bics	r3, r2
 138 0090 023A     		subs	r2, r2, #2
 139 0092 1343     		orrs	r3, r2
 140 0094 A365     		str	r3, [r4, #88]
 125:./Drivers/STM32L0xx_HAL_Driver/Src/stm32l0xx_hal_adc_ex.c ****   uint32_t tickstart = 0U;
 141              		.loc 1 125 0
 142 0096 0020     		movs	r0, #0
 143              	.LVL11:
ARM GAS  /tmp/ccS1GlwB.s 			page 7


 144              	.L4:
 188:./Drivers/STM32L0xx_HAL_Driver/Src/stm32l0xx_hal_adc_ex.c ****   }
 189:./Drivers/STM32L0xx_HAL_Driver/Src/stm32l0xx_hal_adc_ex.c ****   
 190:./Drivers/STM32L0xx_HAL_Driver/Src/stm32l0xx_hal_adc_ex.c ****   /* Process unlocked */
 191:./Drivers/STM32L0xx_HAL_Driver/Src/stm32l0xx_hal_adc_ex.c ****   __HAL_UNLOCK(hadc);
 145              		.loc 1 191 0
 146 0098 5423     		movs	r3, #84
 147 009a 0022     		movs	r2, #0
 148 009c E254     		strb	r2, [r4, r3]
 149              	.LVL12:
 150              	.L2:
 192:./Drivers/STM32L0xx_HAL_Driver/Src/stm32l0xx_hal_adc_ex.c ****   
 193:./Drivers/STM32L0xx_HAL_Driver/Src/stm32l0xx_hal_adc_ex.c ****   /* Return function status */
 194:./Drivers/STM32L0xx_HAL_Driver/Src/stm32l0xx_hal_adc_ex.c ****   return tmp_hal_status;
 195:./Drivers/STM32L0xx_HAL_Driver/Src/stm32l0xx_hal_adc_ex.c **** }
 151              		.loc 1 195 0
 152              		@ sp needed
 153              	.LVL13:
 154 009e 70BD     		pop	{r4, r5, r6, pc}
 155              	.LVL14:
 156              	.L7:
 133:./Drivers/STM32L0xx_HAL_Driver/Src/stm32l0xx_hal_adc_ex.c ****   
 157              		.loc 1 133 0
 158 00a0 0220     		movs	r0, #2
 159              	.LVL15:
 160 00a2 FCE7     		b	.L2
 161              	.L10:
 162              		.align	2
 163              	.L9:
 164 00a4 FDFEFFFF 		.word	-259
 165              		.cfi_endproc
 166              	.LFE39:
 168              		.section	.text.HAL_ADCEx_Calibration_GetValue,"ax",%progbits
 169              		.align	1
 170              		.global	HAL_ADCEx_Calibration_GetValue
 171              		.syntax unified
 172              		.code	16
 173              		.thumb_func
 174              		.fpu softvfp
 176              	HAL_ADCEx_Calibration_GetValue:
 177              	.LFB40:
 196:./Drivers/STM32L0xx_HAL_Driver/Src/stm32l0xx_hal_adc_ex.c **** 
 197:./Drivers/STM32L0xx_HAL_Driver/Src/stm32l0xx_hal_adc_ex.c **** /**
 198:./Drivers/STM32L0xx_HAL_Driver/Src/stm32l0xx_hal_adc_ex.c ****   * @brief  Get the calibration factor.
 199:./Drivers/STM32L0xx_HAL_Driver/Src/stm32l0xx_hal_adc_ex.c ****   * @param  hadc: ADC handle.
 200:./Drivers/STM32L0xx_HAL_Driver/Src/stm32l0xx_hal_adc_ex.c ****   * @param  SingleDiff: This parameter can be only:
 201:./Drivers/STM32L0xx_HAL_Driver/Src/stm32l0xx_hal_adc_ex.c ****   *           @arg ADC_SINGLE_ENDED: Channel in mode input single ended.
 202:./Drivers/STM32L0xx_HAL_Driver/Src/stm32l0xx_hal_adc_ex.c ****   * @retval Calibration value.
 203:./Drivers/STM32L0xx_HAL_Driver/Src/stm32l0xx_hal_adc_ex.c ****   */
 204:./Drivers/STM32L0xx_HAL_Driver/Src/stm32l0xx_hal_adc_ex.c **** uint32_t HAL_ADCEx_Calibration_GetValue(ADC_HandleTypeDef* hadc, uint32_t SingleDiff)
 205:./Drivers/STM32L0xx_HAL_Driver/Src/stm32l0xx_hal_adc_ex.c **** {
 178              		.loc 1 205 0
 179              		.cfi_startproc
 180              		@ args = 0, pretend = 0, frame = 0
 181              		@ frame_needed = 0, uses_anonymous_args = 0
 182              		@ link register save eliminated.
 183              	.LVL16:
ARM GAS  /tmp/ccS1GlwB.s 			page 8


 206:./Drivers/STM32L0xx_HAL_Driver/Src/stm32l0xx_hal_adc_ex.c ****   /* Check the parameters */
 207:./Drivers/STM32L0xx_HAL_Driver/Src/stm32l0xx_hal_adc_ex.c ****   assert_param(IS_ADC_ALL_INSTANCE(hadc->Instance));
 208:./Drivers/STM32L0xx_HAL_Driver/Src/stm32l0xx_hal_adc_ex.c ****   assert_param(IS_ADC_SINGLE_DIFFERENTIAL(SingleDiff)); 
 209:./Drivers/STM32L0xx_HAL_Driver/Src/stm32l0xx_hal_adc_ex.c ****   
 210:./Drivers/STM32L0xx_HAL_Driver/Src/stm32l0xx_hal_adc_ex.c ****   /* Return the ADC calibration value */ 
 211:./Drivers/STM32L0xx_HAL_Driver/Src/stm32l0xx_hal_adc_ex.c ****   return ((hadc->Instance->CALFACT) & 0x0000007FU);
 184              		.loc 1 211 0
 185 0000 0268     		ldr	r2, [r0]
 186 0002 B423     		movs	r3, #180
 187 0004 D358     		ldr	r3, [r2, r3]
 188 0006 7F20     		movs	r0, #127
 189              	.LVL17:
 190 0008 1840     		ands	r0, r3
 212:./Drivers/STM32L0xx_HAL_Driver/Src/stm32l0xx_hal_adc_ex.c **** }
 191              		.loc 1 212 0
 192              		@ sp needed
 193 000a 7047     		bx	lr
 194              		.cfi_endproc
 195              	.LFE40:
 197              		.section	.text.HAL_ADCEx_Calibration_SetValue,"ax",%progbits
 198              		.align	1
 199              		.global	HAL_ADCEx_Calibration_SetValue
 200              		.syntax unified
 201              		.code	16
 202              		.thumb_func
 203              		.fpu softvfp
 205              	HAL_ADCEx_Calibration_SetValue:
 206              	.LFB41:
 213:./Drivers/STM32L0xx_HAL_Driver/Src/stm32l0xx_hal_adc_ex.c **** 
 214:./Drivers/STM32L0xx_HAL_Driver/Src/stm32l0xx_hal_adc_ex.c **** /**
 215:./Drivers/STM32L0xx_HAL_Driver/Src/stm32l0xx_hal_adc_ex.c ****   * @brief  Set the calibration factor to overwrite automatic conversion result.
 216:./Drivers/STM32L0xx_HAL_Driver/Src/stm32l0xx_hal_adc_ex.c ****   *         ADC must be enabled and no conversion is ongoing.
 217:./Drivers/STM32L0xx_HAL_Driver/Src/stm32l0xx_hal_adc_ex.c ****   * @param  hadc: ADC handle
 218:./Drivers/STM32L0xx_HAL_Driver/Src/stm32l0xx_hal_adc_ex.c ****   * @param  SingleDiff: This parameter can be only:
 219:./Drivers/STM32L0xx_HAL_Driver/Src/stm32l0xx_hal_adc_ex.c ****   *           @arg ADC_SINGLE_ENDED: Channel in mode input single ended.
 220:./Drivers/STM32L0xx_HAL_Driver/Src/stm32l0xx_hal_adc_ex.c ****   * @param  CalibrationFactor: Calibration factor (coded on 7 bits maximum)
 221:./Drivers/STM32L0xx_HAL_Driver/Src/stm32l0xx_hal_adc_ex.c ****   * @retval HAL state
 222:./Drivers/STM32L0xx_HAL_Driver/Src/stm32l0xx_hal_adc_ex.c ****   */
 223:./Drivers/STM32L0xx_HAL_Driver/Src/stm32l0xx_hal_adc_ex.c **** HAL_StatusTypeDef HAL_ADCEx_Calibration_SetValue(ADC_HandleTypeDef* hadc, uint32_t SingleDiff, uint
 224:./Drivers/STM32L0xx_HAL_Driver/Src/stm32l0xx_hal_adc_ex.c **** {
 207              		.loc 1 224 0
 208              		.cfi_startproc
 209              		@ args = 0, pretend = 0, frame = 0
 210              		@ frame_needed = 0, uses_anonymous_args = 0
 211              	.LVL18:
 212 0000 30B5     		push	{r4, r5, lr}
 213              	.LCFI1:
 214              		.cfi_def_cfa_offset 12
 215              		.cfi_offset 4, -12
 216              		.cfi_offset 5, -8
 217              		.cfi_offset 14, -4
 218              	.LVL19:
 225:./Drivers/STM32L0xx_HAL_Driver/Src/stm32l0xx_hal_adc_ex.c ****   HAL_StatusTypeDef tmp_hal_status = HAL_OK;
 226:./Drivers/STM32L0xx_HAL_Driver/Src/stm32l0xx_hal_adc_ex.c ****   
 227:./Drivers/STM32L0xx_HAL_Driver/Src/stm32l0xx_hal_adc_ex.c ****   /* Check the parameters */
 228:./Drivers/STM32L0xx_HAL_Driver/Src/stm32l0xx_hal_adc_ex.c ****   assert_param(IS_ADC_ALL_INSTANCE(hadc->Instance));
 229:./Drivers/STM32L0xx_HAL_Driver/Src/stm32l0xx_hal_adc_ex.c ****   assert_param(IS_ADC_SINGLE_DIFFERENTIAL(SingleDiff)); 
ARM GAS  /tmp/ccS1GlwB.s 			page 9


 230:./Drivers/STM32L0xx_HAL_Driver/Src/stm32l0xx_hal_adc_ex.c ****   assert_param(IS_ADC_CALFACT(CalibrationFactor)); 
 231:./Drivers/STM32L0xx_HAL_Driver/Src/stm32l0xx_hal_adc_ex.c ****   
 232:./Drivers/STM32L0xx_HAL_Driver/Src/stm32l0xx_hal_adc_ex.c ****   /* Process locked */
 233:./Drivers/STM32L0xx_HAL_Driver/Src/stm32l0xx_hal_adc_ex.c ****   __HAL_LOCK(hadc);
 219              		.loc 1 233 0
 220 0002 5423     		movs	r3, #84
 221 0004 C35C     		ldrb	r3, [r0, r3]
 222 0006 012B     		cmp	r3, #1
 223 0008 27D0     		beq	.L16
 224              		.loc 1 233 0 is_stmt 0 discriminator 2
 225 000a 5423     		movs	r3, #84
 226 000c 0121     		movs	r1, #1
 227              	.LVL20:
 228 000e C154     		strb	r1, [r0, r3]
 234:./Drivers/STM32L0xx_HAL_Driver/Src/stm32l0xx_hal_adc_ex.c ****   
 235:./Drivers/STM32L0xx_HAL_Driver/Src/stm32l0xx_hal_adc_ex.c ****   /* Verification of hardware constraints before modifying the calibration    */
 236:./Drivers/STM32L0xx_HAL_Driver/Src/stm32l0xx_hal_adc_ex.c ****   /* factors register: ADC must be enabled, no conversion on going.           */
 237:./Drivers/STM32L0xx_HAL_Driver/Src/stm32l0xx_hal_adc_ex.c ****   if ( (ADC_IS_ENABLE(hadc) != RESET)                            &&
 229              		.loc 1 237 0 is_stmt 1 discriminator 2
 230 0010 0168     		ldr	r1, [r0]
 231 0012 8C68     		ldr	r4, [r1, #8]
 232 0014 513B     		subs	r3, r3, #81
 233 0016 2340     		ands	r3, r4
 234 0018 012B     		cmp	r3, #1
 235 001a 0DD0     		beq	.L17
 236              	.L14:
 238:./Drivers/STM32L0xx_HAL_Driver/Src/stm32l0xx_hal_adc_ex.c ****        (ADC_IS_CONVERSION_ONGOING_REGULAR(hadc) == RESET)  )
 239:./Drivers/STM32L0xx_HAL_Driver/Src/stm32l0xx_hal_adc_ex.c ****   {
 240:./Drivers/STM32L0xx_HAL_Driver/Src/stm32l0xx_hal_adc_ex.c ****     /* Set the selected ADC calibration value */ 
 241:./Drivers/STM32L0xx_HAL_Driver/Src/stm32l0xx_hal_adc_ex.c ****     hadc->Instance->CALFACT &= ~ADC_CALFACT_CALFACT;
 242:./Drivers/STM32L0xx_HAL_Driver/Src/stm32l0xx_hal_adc_ex.c ****     hadc->Instance->CALFACT |= CalibrationFactor;
 243:./Drivers/STM32L0xx_HAL_Driver/Src/stm32l0xx_hal_adc_ex.c ****   }
 244:./Drivers/STM32L0xx_HAL_Driver/Src/stm32l0xx_hal_adc_ex.c ****   else
 245:./Drivers/STM32L0xx_HAL_Driver/Src/stm32l0xx_hal_adc_ex.c ****   {
 246:./Drivers/STM32L0xx_HAL_Driver/Src/stm32l0xx_hal_adc_ex.c ****     /* Update ADC state machine to error */
 247:./Drivers/STM32L0xx_HAL_Driver/Src/stm32l0xx_hal_adc_ex.c ****     SET_BIT(hadc->State, HAL_ADC_STATE_ERROR_INTERNAL);
 237              		.loc 1 247 0
 238 001c 836D     		ldr	r3, [r0, #88]
 239 001e 1022     		movs	r2, #16
 240              	.LVL21:
 241 0020 1343     		orrs	r3, r2
 242 0022 8365     		str	r3, [r0, #88]
 248:./Drivers/STM32L0xx_HAL_Driver/Src/stm32l0xx_hal_adc_ex.c ****     /* Update ADC state machine to error */
 249:./Drivers/STM32L0xx_HAL_Driver/Src/stm32l0xx_hal_adc_ex.c ****     SET_BIT(hadc->ErrorCode, HAL_ADC_ERROR_INTERNAL);
 243              		.loc 1 249 0
 244 0024 C36D     		ldr	r3, [r0, #92]
 245 0026 0F3A     		subs	r2, r2, #15
 246 0028 1343     		orrs	r3, r2
 247 002a C365     		str	r3, [r0, #92]
 248              	.LVL22:
 250:./Drivers/STM32L0xx_HAL_Driver/Src/stm32l0xx_hal_adc_ex.c ****     
 251:./Drivers/STM32L0xx_HAL_Driver/Src/stm32l0xx_hal_adc_ex.c ****     /* Update ADC state machine to error */
 252:./Drivers/STM32L0xx_HAL_Driver/Src/stm32l0xx_hal_adc_ex.c ****     tmp_hal_status = HAL_ERROR;
 249              		.loc 1 252 0
 250 002c 0123     		movs	r3, #1
 251              	.LVL23:
 252              	.L15:
ARM GAS  /tmp/ccS1GlwB.s 			page 10


 253:./Drivers/STM32L0xx_HAL_Driver/Src/stm32l0xx_hal_adc_ex.c ****   }
 254:./Drivers/STM32L0xx_HAL_Driver/Src/stm32l0xx_hal_adc_ex.c ****   
 255:./Drivers/STM32L0xx_HAL_Driver/Src/stm32l0xx_hal_adc_ex.c ****   /* Process unlocked */
 256:./Drivers/STM32L0xx_HAL_Driver/Src/stm32l0xx_hal_adc_ex.c ****   __HAL_UNLOCK(hadc);
 253              		.loc 1 256 0
 254 002e 5422     		movs	r2, #84
 255 0030 0021     		movs	r1, #0
 256 0032 8154     		strb	r1, [r0, r2]
 257              	.LVL24:
 258              	.L13:
 257:./Drivers/STM32L0xx_HAL_Driver/Src/stm32l0xx_hal_adc_ex.c ****   
 258:./Drivers/STM32L0xx_HAL_Driver/Src/stm32l0xx_hal_adc_ex.c ****   /* Return function status */
 259:./Drivers/STM32L0xx_HAL_Driver/Src/stm32l0xx_hal_adc_ex.c ****   return tmp_hal_status;
 260:./Drivers/STM32L0xx_HAL_Driver/Src/stm32l0xx_hal_adc_ex.c **** }
 259              		.loc 1 260 0
 260 0034 1800     		movs	r0, r3
 261              	.LVL25:
 262              		@ sp needed
 263 0036 30BD     		pop	{r4, r5, pc}
 264              	.LVL26:
 265              	.L17:
 237:./Drivers/STM32L0xx_HAL_Driver/Src/stm32l0xx_hal_adc_ex.c ****        (ADC_IS_CONVERSION_ONGOING_REGULAR(hadc) == RESET)  )
 266              		.loc 1 237 0 discriminator 1
 267 0038 0B68     		ldr	r3, [r1]
 268 003a DB07     		lsls	r3, r3, #31
 269 003c EED5     		bpl	.L14
 238:./Drivers/STM32L0xx_HAL_Driver/Src/stm32l0xx_hal_adc_ex.c ****   {
 270              		.loc 1 238 0
 271 003e 8B68     		ldr	r3, [r1, #8]
 237:./Drivers/STM32L0xx_HAL_Driver/Src/stm32l0xx_hal_adc_ex.c ****        (ADC_IS_CONVERSION_ONGOING_REGULAR(hadc) == RESET)  )
 272              		.loc 1 237 0
 273 0040 5B07     		lsls	r3, r3, #29
 274 0042 EBD4     		bmi	.L14
 241:./Drivers/STM32L0xx_HAL_Driver/Src/stm32l0xx_hal_adc_ex.c ****     hadc->Instance->CALFACT |= CalibrationFactor;
 275              		.loc 1 241 0
 276 0044 B423     		movs	r3, #180
 277 0046 CC58     		ldr	r4, [r1, r3]
 278 0048 7F25     		movs	r5, #127
 279 004a AC43     		bics	r4, r5
 280 004c CC50     		str	r4, [r1, r3]
 242:./Drivers/STM32L0xx_HAL_Driver/Src/stm32l0xx_hal_adc_ex.c ****   }
 281              		.loc 1 242 0
 282 004e 0468     		ldr	r4, [r0]
 283 0050 E158     		ldr	r1, [r4, r3]
 284 0052 0A43     		orrs	r2, r1
 285              	.LVL27:
 286 0054 E250     		str	r2, [r4, r3]
 225:./Drivers/STM32L0xx_HAL_Driver/Src/stm32l0xx_hal_adc_ex.c ****   
 287              		.loc 1 225 0
 288 0056 0023     		movs	r3, #0
 242:./Drivers/STM32L0xx_HAL_Driver/Src/stm32l0xx_hal_adc_ex.c ****   }
 289              		.loc 1 242 0
 290 0058 E9E7     		b	.L15
 291              	.LVL28:
 292              	.L16:
 233:./Drivers/STM32L0xx_HAL_Driver/Src/stm32l0xx_hal_adc_ex.c ****   
 293              		.loc 1 233 0
ARM GAS  /tmp/ccS1GlwB.s 			page 11


 294 005a 0223     		movs	r3, #2
 295 005c EAE7     		b	.L13
 296              		.cfi_endproc
 297              	.LFE41:
 299              		.section	.text.HAL_ADCEx_EnableVREFINT,"ax",%progbits
 300              		.align	1
 301              		.global	HAL_ADCEx_EnableVREFINT
 302              		.syntax unified
 303              		.code	16
 304              		.thumb_func
 305              		.fpu softvfp
 307              	HAL_ADCEx_EnableVREFINT:
 308              	.LFB42:
 261:./Drivers/STM32L0xx_HAL_Driver/Src/stm32l0xx_hal_adc_ex.c **** 
 262:./Drivers/STM32L0xx_HAL_Driver/Src/stm32l0xx_hal_adc_ex.c **** /**
 263:./Drivers/STM32L0xx_HAL_Driver/Src/stm32l0xx_hal_adc_ex.c ****   * @brief  Enables the buffer of Vrefint for the ADC, required when device is in mode low-power (l
 264:./Drivers/STM32L0xx_HAL_Driver/Src/stm32l0xx_hal_adc_ex.c ****   *         This function must be called before function HAL_ADC_Init() 
 265:./Drivers/STM32L0xx_HAL_Driver/Src/stm32l0xx_hal_adc_ex.c ****   *         (in case of previous ADC operations: function HAL_ADC_DeInit() must be called first)
 266:./Drivers/STM32L0xx_HAL_Driver/Src/stm32l0xx_hal_adc_ex.c ****   *         For more details on procedure and buffer current consumption, refer to device reference
 267:./Drivers/STM32L0xx_HAL_Driver/Src/stm32l0xx_hal_adc_ex.c ****   * @note   This is functional only if the LOCK is not set.
 268:./Drivers/STM32L0xx_HAL_Driver/Src/stm32l0xx_hal_adc_ex.c ****   * @retval None
 269:./Drivers/STM32L0xx_HAL_Driver/Src/stm32l0xx_hal_adc_ex.c **** */
 270:./Drivers/STM32L0xx_HAL_Driver/Src/stm32l0xx_hal_adc_ex.c **** HAL_StatusTypeDef HAL_ADCEx_EnableVREFINT(void)
 271:./Drivers/STM32L0xx_HAL_Driver/Src/stm32l0xx_hal_adc_ex.c **** {
 309              		.loc 1 271 0
 310              		.cfi_startproc
 311              		@ args = 0, pretend = 0, frame = 0
 312              		@ frame_needed = 0, uses_anonymous_args = 0
 313 0000 10B5     		push	{r4, lr}
 314              	.LCFI2:
 315              		.cfi_def_cfa_offset 8
 316              		.cfi_offset 4, -8
 317              		.cfi_offset 14, -4
 318              	.LVL29:
 272:./Drivers/STM32L0xx_HAL_Driver/Src/stm32l0xx_hal_adc_ex.c ****   uint32_t tickstart = 0U;
 273:./Drivers/STM32L0xx_HAL_Driver/Src/stm32l0xx_hal_adc_ex.c ****   
 274:./Drivers/STM32L0xx_HAL_Driver/Src/stm32l0xx_hal_adc_ex.c ****   /* Enable the Buffer for the ADC by setting ENBUF_SENSOR_ADC bit in the CFGR3 register */
 275:./Drivers/STM32L0xx_HAL_Driver/Src/stm32l0xx_hal_adc_ex.c ****   SET_BIT(SYSCFG->CFGR3, SYSCFG_CFGR3_ENBUF_VREFINT_ADC);
 319              		.loc 1 275 0
 320 0002 0B4A     		ldr	r2, .L24
 321 0004 116A     		ldr	r1, [r2, #32]
 322 0006 8023     		movs	r3, #128
 323 0008 5B00     		lsls	r3, r3, #1
 324 000a 0B43     		orrs	r3, r1
 325 000c 1362     		str	r3, [r2, #32]
 276:./Drivers/STM32L0xx_HAL_Driver/Src/stm32l0xx_hal_adc_ex.c ****   
 277:./Drivers/STM32L0xx_HAL_Driver/Src/stm32l0xx_hal_adc_ex.c ****   /* Wait for Vrefint buffer effectively enabled */
 278:./Drivers/STM32L0xx_HAL_Driver/Src/stm32l0xx_hal_adc_ex.c ****   /* Get tick count */
 279:./Drivers/STM32L0xx_HAL_Driver/Src/stm32l0xx_hal_adc_ex.c ****   tickstart = HAL_GetTick();
 326              		.loc 1 279 0
 327 000e FFF7FEFF 		bl	HAL_GetTick
 328              	.LVL30:
 329 0012 0400     		movs	r4, r0
 330              	.LVL31:
 331              	.L19:
 280:./Drivers/STM32L0xx_HAL_Driver/Src/stm32l0xx_hal_adc_ex.c ****   
 281:./Drivers/STM32L0xx_HAL_Driver/Src/stm32l0xx_hal_adc_ex.c ****   while(HAL_IS_BIT_CLR(SYSCFG->CFGR3, SYSCFG_CFGR3_VREFINT_RDYF))
ARM GAS  /tmp/ccS1GlwB.s 			page 12


 332              		.loc 1 281 0
 333 0014 064B     		ldr	r3, .L24
 334 0016 1B6A     		ldr	r3, [r3, #32]
 335 0018 5B00     		lsls	r3, r3, #1
 336 001a 06D4     		bmi	.L23
 282:./Drivers/STM32L0xx_HAL_Driver/Src/stm32l0xx_hal_adc_ex.c ****   {
 283:./Drivers/STM32L0xx_HAL_Driver/Src/stm32l0xx_hal_adc_ex.c ****     if((HAL_GetTick() - tickstart) > SYSCFG_BUF_VREFINT_ENABLE_TIMEOUT)
 337              		.loc 1 283 0
 338 001c FFF7FEFF 		bl	HAL_GetTick
 339              	.LVL32:
 340 0020 001B     		subs	r0, r0, r4
 341 0022 0328     		cmp	r0, #3
 342 0024 F6D9     		bls	.L19
 284:./Drivers/STM32L0xx_HAL_Driver/Src/stm32l0xx_hal_adc_ex.c ****     { 
 285:./Drivers/STM32L0xx_HAL_Driver/Src/stm32l0xx_hal_adc_ex.c ****       return HAL_ERROR;
 343              		.loc 1 285 0
 344 0026 0120     		movs	r0, #1
 345 0028 00E0     		b	.L20
 346              	.L23:
 286:./Drivers/STM32L0xx_HAL_Driver/Src/stm32l0xx_hal_adc_ex.c ****     }
 287:./Drivers/STM32L0xx_HAL_Driver/Src/stm32l0xx_hal_adc_ex.c ****   }
 288:./Drivers/STM32L0xx_HAL_Driver/Src/stm32l0xx_hal_adc_ex.c ****   
 289:./Drivers/STM32L0xx_HAL_Driver/Src/stm32l0xx_hal_adc_ex.c ****   return HAL_OK;
 347              		.loc 1 289 0
 348 002a 0020     		movs	r0, #0
 349              	.L20:
 290:./Drivers/STM32L0xx_HAL_Driver/Src/stm32l0xx_hal_adc_ex.c **** }
 350              		.loc 1 290 0
 351              		@ sp needed
 352              	.LVL33:
 353 002c 10BD     		pop	{r4, pc}
 354              	.L25:
 355 002e C046     		.align	2
 356              	.L24:
 357 0030 00000140 		.word	1073807360
 358              		.cfi_endproc
 359              	.LFE42:
 361              		.section	.text.HAL_ADCEx_DisableVREFINT,"ax",%progbits
 362              		.align	1
 363              		.global	HAL_ADCEx_DisableVREFINT
 364              		.syntax unified
 365              		.code	16
 366              		.thumb_func
 367              		.fpu softvfp
 369              	HAL_ADCEx_DisableVREFINT:
 370              	.LFB43:
 291:./Drivers/STM32L0xx_HAL_Driver/Src/stm32l0xx_hal_adc_ex.c **** 
 292:./Drivers/STM32L0xx_HAL_Driver/Src/stm32l0xx_hal_adc_ex.c **** /**
 293:./Drivers/STM32L0xx_HAL_Driver/Src/stm32l0xx_hal_adc_ex.c ****   * @brief Disables the Buffer Vrefint for the ADC.
 294:./Drivers/STM32L0xx_HAL_Driver/Src/stm32l0xx_hal_adc_ex.c ****   * @note This is functional only if the LOCK is not set.
 295:./Drivers/STM32L0xx_HAL_Driver/Src/stm32l0xx_hal_adc_ex.c ****   * @retval None
 296:./Drivers/STM32L0xx_HAL_Driver/Src/stm32l0xx_hal_adc_ex.c ****   */
 297:./Drivers/STM32L0xx_HAL_Driver/Src/stm32l0xx_hal_adc_ex.c **** void HAL_ADCEx_DisableVREFINT(void)
 298:./Drivers/STM32L0xx_HAL_Driver/Src/stm32l0xx_hal_adc_ex.c **** {
 371              		.loc 1 298 0
 372              		.cfi_startproc
 373              		@ args = 0, pretend = 0, frame = 0
ARM GAS  /tmp/ccS1GlwB.s 			page 13


 374              		@ frame_needed = 0, uses_anonymous_args = 0
 375              		@ link register save eliminated.
 299:./Drivers/STM32L0xx_HAL_Driver/Src/stm32l0xx_hal_adc_ex.c ****   /* Disable the Vrefint by resetting ENBUF_SENSOR_ADC bit in the CFGR3 register */
 300:./Drivers/STM32L0xx_HAL_Driver/Src/stm32l0xx_hal_adc_ex.c ****   CLEAR_BIT(SYSCFG->CFGR3, SYSCFG_CFGR3_ENBUF_VREFINT_ADC);
 376              		.loc 1 300 0
 377 0000 024A     		ldr	r2, .L27
 378 0002 136A     		ldr	r3, [r2, #32]
 379 0004 0249     		ldr	r1, .L27+4
 380 0006 0B40     		ands	r3, r1
 381 0008 1362     		str	r3, [r2, #32]
 301:./Drivers/STM32L0xx_HAL_Driver/Src/stm32l0xx_hal_adc_ex.c **** }
 382              		.loc 1 301 0
 383              		@ sp needed
 384 000a 7047     		bx	lr
 385              	.L28:
 386              		.align	2
 387              	.L27:
 388 000c 00000140 		.word	1073807360
 389 0010 FFFEFFFF 		.word	-257
 390              		.cfi_endproc
 391              	.LFE43:
 393              		.section	.text.HAL_ADCEx_EnableVREFINTTempSensor,"ax",%progbits
 394              		.align	1
 395              		.global	HAL_ADCEx_EnableVREFINTTempSensor
 396              		.syntax unified
 397              		.code	16
 398              		.thumb_func
 399              		.fpu softvfp
 401              	HAL_ADCEx_EnableVREFINTTempSensor:
 402              	.LFB44:
 302:./Drivers/STM32L0xx_HAL_Driver/Src/stm32l0xx_hal_adc_ex.c **** 
 303:./Drivers/STM32L0xx_HAL_Driver/Src/stm32l0xx_hal_adc_ex.c **** /**
 304:./Drivers/STM32L0xx_HAL_Driver/Src/stm32l0xx_hal_adc_ex.c **** * @brief  Enables the buffer of temperature sensor for the ADC, required when device is in mode low
 305:./Drivers/STM32L0xx_HAL_Driver/Src/stm32l0xx_hal_adc_ex.c **** *         This function must be called before function HAL_ADC_Init()
 306:./Drivers/STM32L0xx_HAL_Driver/Src/stm32l0xx_hal_adc_ex.c **** *         (in case of previous ADC operations: function HAL_ADC_DeInit() must be called first)
 307:./Drivers/STM32L0xx_HAL_Driver/Src/stm32l0xx_hal_adc_ex.c **** *         For more details on procedure and buffer current consumption, refer to device reference m
 308:./Drivers/STM32L0xx_HAL_Driver/Src/stm32l0xx_hal_adc_ex.c **** * @note   This is functional only if the LOCK is not set.
 309:./Drivers/STM32L0xx_HAL_Driver/Src/stm32l0xx_hal_adc_ex.c **** * @retval None
 310:./Drivers/STM32L0xx_HAL_Driver/Src/stm32l0xx_hal_adc_ex.c **** */
 311:./Drivers/STM32L0xx_HAL_Driver/Src/stm32l0xx_hal_adc_ex.c **** HAL_StatusTypeDef HAL_ADCEx_EnableVREFINTTempSensor(void)
 312:./Drivers/STM32L0xx_HAL_Driver/Src/stm32l0xx_hal_adc_ex.c **** {
 403              		.loc 1 312 0
 404              		.cfi_startproc
 405              		@ args = 0, pretend = 0, frame = 0
 406              		@ frame_needed = 0, uses_anonymous_args = 0
 407 0000 10B5     		push	{r4, lr}
 408              	.LCFI3:
 409              		.cfi_def_cfa_offset 8
 410              		.cfi_offset 4, -8
 411              		.cfi_offset 14, -4
 412              	.LVL34:
 313:./Drivers/STM32L0xx_HAL_Driver/Src/stm32l0xx_hal_adc_ex.c ****   uint32_t tickstart = 0U;
 314:./Drivers/STM32L0xx_HAL_Driver/Src/stm32l0xx_hal_adc_ex.c ****   
 315:./Drivers/STM32L0xx_HAL_Driver/Src/stm32l0xx_hal_adc_ex.c ****   /* Enable the Buffer for the ADC by setting ENBUF_SENSOR_ADC bit in the CFGR3 register */
 316:./Drivers/STM32L0xx_HAL_Driver/Src/stm32l0xx_hal_adc_ex.c ****   SET_BIT(SYSCFG->CFGR3, SYSCFG_CFGR3_ENBUF_SENSOR_ADC);
 413              		.loc 1 316 0
 414 0002 0B4A     		ldr	r2, .L35
ARM GAS  /tmp/ccS1GlwB.s 			page 14


 415 0004 116A     		ldr	r1, [r2, #32]
 416 0006 8023     		movs	r3, #128
 417 0008 9B00     		lsls	r3, r3, #2
 418 000a 0B43     		orrs	r3, r1
 419 000c 1362     		str	r3, [r2, #32]
 317:./Drivers/STM32L0xx_HAL_Driver/Src/stm32l0xx_hal_adc_ex.c ****   
 318:./Drivers/STM32L0xx_HAL_Driver/Src/stm32l0xx_hal_adc_ex.c ****   /* Wait for Vrefint buffer effectively enabled */
 319:./Drivers/STM32L0xx_HAL_Driver/Src/stm32l0xx_hal_adc_ex.c ****   /* Get tick count */
 320:./Drivers/STM32L0xx_HAL_Driver/Src/stm32l0xx_hal_adc_ex.c ****   tickstart = HAL_GetTick();
 420              		.loc 1 320 0
 421 000e FFF7FEFF 		bl	HAL_GetTick
 422              	.LVL35:
 423 0012 0400     		movs	r4, r0
 424              	.LVL36:
 425              	.L30:
 321:./Drivers/STM32L0xx_HAL_Driver/Src/stm32l0xx_hal_adc_ex.c ****   
 322:./Drivers/STM32L0xx_HAL_Driver/Src/stm32l0xx_hal_adc_ex.c ****   while(HAL_IS_BIT_CLR(SYSCFG->CFGR3, SYSCFG_CFGR3_VREFINT_RDYF))
 426              		.loc 1 322 0
 427 0014 064B     		ldr	r3, .L35
 428 0016 1B6A     		ldr	r3, [r3, #32]
 429 0018 5B00     		lsls	r3, r3, #1
 430 001a 06D4     		bmi	.L34
 323:./Drivers/STM32L0xx_HAL_Driver/Src/stm32l0xx_hal_adc_ex.c ****   {
 324:./Drivers/STM32L0xx_HAL_Driver/Src/stm32l0xx_hal_adc_ex.c ****     if((HAL_GetTick() - tickstart) > SYSCFG_BUF_TEMPSENSOR_ENABLE_TIMEOUT)
 431              		.loc 1 324 0
 432 001c FFF7FEFF 		bl	HAL_GetTick
 433              	.LVL37:
 434 0020 001B     		subs	r0, r0, r4
 435 0022 0128     		cmp	r0, #1
 436 0024 F6D9     		bls	.L30
 325:./Drivers/STM32L0xx_HAL_Driver/Src/stm32l0xx_hal_adc_ex.c ****     { 
 326:./Drivers/STM32L0xx_HAL_Driver/Src/stm32l0xx_hal_adc_ex.c ****       return HAL_ERROR;
 437              		.loc 1 326 0
 438 0026 0120     		movs	r0, #1
 439 0028 00E0     		b	.L31
 440              	.L34:
 327:./Drivers/STM32L0xx_HAL_Driver/Src/stm32l0xx_hal_adc_ex.c ****     }
 328:./Drivers/STM32L0xx_HAL_Driver/Src/stm32l0xx_hal_adc_ex.c ****   }
 329:./Drivers/STM32L0xx_HAL_Driver/Src/stm32l0xx_hal_adc_ex.c ****   
 330:./Drivers/STM32L0xx_HAL_Driver/Src/stm32l0xx_hal_adc_ex.c ****   return HAL_OK;
 441              		.loc 1 330 0
 442 002a 0020     		movs	r0, #0
 443              	.L31:
 331:./Drivers/STM32L0xx_HAL_Driver/Src/stm32l0xx_hal_adc_ex.c **** }
 444              		.loc 1 331 0
 445              		@ sp needed
 446              	.LVL38:
 447 002c 10BD     		pop	{r4, pc}
 448              	.L36:
 449 002e C046     		.align	2
 450              	.L35:
 451 0030 00000140 		.word	1073807360
 452              		.cfi_endproc
 453              	.LFE44:
 455              		.section	.text.HAL_ADCEx_DisableVREFINTTempSensor,"ax",%progbits
 456              		.align	1
 457              		.global	HAL_ADCEx_DisableVREFINTTempSensor
ARM GAS  /tmp/ccS1GlwB.s 			page 15


 458              		.syntax unified
 459              		.code	16
 460              		.thumb_func
 461              		.fpu softvfp
 463              	HAL_ADCEx_DisableVREFINTTempSensor:
 464              	.LFB45:
 332:./Drivers/STM32L0xx_HAL_Driver/Src/stm32l0xx_hal_adc_ex.c **** 
 333:./Drivers/STM32L0xx_HAL_Driver/Src/stm32l0xx_hal_adc_ex.c **** /**
 334:./Drivers/STM32L0xx_HAL_Driver/Src/stm32l0xx_hal_adc_ex.c ****   * @brief Disables the VREFINT and Sensor for the ADC.
 335:./Drivers/STM32L0xx_HAL_Driver/Src/stm32l0xx_hal_adc_ex.c ****   * @note This is functional only if the LOCK is not set.
 336:./Drivers/STM32L0xx_HAL_Driver/Src/stm32l0xx_hal_adc_ex.c ****   * @retval None
 337:./Drivers/STM32L0xx_HAL_Driver/Src/stm32l0xx_hal_adc_ex.c ****   */
 338:./Drivers/STM32L0xx_HAL_Driver/Src/stm32l0xx_hal_adc_ex.c **** void HAL_ADCEx_DisableVREFINTTempSensor(void)
 339:./Drivers/STM32L0xx_HAL_Driver/Src/stm32l0xx_hal_adc_ex.c **** {
 465              		.loc 1 339 0
 466              		.cfi_startproc
 467              		@ args = 0, pretend = 0, frame = 0
 468              		@ frame_needed = 0, uses_anonymous_args = 0
 469              		@ link register save eliminated.
 340:./Drivers/STM32L0xx_HAL_Driver/Src/stm32l0xx_hal_adc_ex.c ****   /* Disable the Vrefint by resetting ENBUF_SENSOR_ADC bit in the CFGR3 register */
 341:./Drivers/STM32L0xx_HAL_Driver/Src/stm32l0xx_hal_adc_ex.c ****   CLEAR_BIT(SYSCFG->CFGR3, SYSCFG_CFGR3_ENBUF_SENSOR_ADC);
 470              		.loc 1 341 0
 471 0000 024A     		ldr	r2, .L38
 472 0002 136A     		ldr	r3, [r2, #32]
 473 0004 0249     		ldr	r1, .L38+4
 474 0006 0B40     		ands	r3, r1
 475 0008 1362     		str	r3, [r2, #32]
 342:./Drivers/STM32L0xx_HAL_Driver/Src/stm32l0xx_hal_adc_ex.c **** }
 476              		.loc 1 342 0
 477              		@ sp needed
 478 000a 7047     		bx	lr
 479              	.L39:
 480              		.align	2
 481              	.L38:
 482 000c 00000140 		.word	1073807360
 483 0010 FFFDFFFF 		.word	-513
 484              		.cfi_endproc
 485              	.LFE45:
 487              		.text
 488              	.Letext0:
 489              		.file 2 "/usr/arm-none-eabi/include/machine/_default_types.h"
 490              		.file 3 "/usr/arm-none-eabi/include/sys/_stdint.h"
 491              		.file 4 "Drivers/CMSIS/Device/ST/STM32L0xx/Include/system_stm32l0xx.h"
 492              		.file 5 "Drivers/CMSIS/Device/ST/STM32L0xx/Include/stm32l073xx.h"
 493              		.file 6 "/usr/arm-none-eabi/include/sys/lock.h"
 494              		.file 7 "/usr/arm-none-eabi/include/sys/_types.h"
 495              		.file 8 "/usr/lib/gcc/arm-none-eabi/7.2.0/include/stddef.h"
 496              		.file 9 "/usr/arm-none-eabi/include/sys/reent.h"
 497              		.file 10 "Drivers/CMSIS/Device/ST/STM32L0xx/Include/stm32l0xx.h"
 498              		.file 11 "Drivers/STM32L0xx_HAL_Driver/Inc/stm32l0xx_hal_def.h"
 499              		.file 12 "Drivers/STM32L0xx_HAL_Driver/Inc/stm32l0xx_hal_dma.h"
 500              		.file 13 "Drivers/STM32L0xx_HAL_Driver/Inc/stm32l0xx_hal_adc.h"
 501              		.file 14 "Drivers/STM32L0xx_HAL_Driver/Inc/stm32l0xx_hal.h"
ARM GAS  /tmp/ccS1GlwB.s 			page 16


DEFINED SYMBOLS
                            *ABS*:0000000000000000 stm32l0xx_hal_adc_ex.c
     /tmp/ccS1GlwB.s:16     .text.HAL_ADCEx_Calibration_Start:0000000000000000 $t
     /tmp/ccS1GlwB.s:23     .text.HAL_ADCEx_Calibration_Start:0000000000000000 HAL_ADCEx_Calibration_Start
     /tmp/ccS1GlwB.s:164    .text.HAL_ADCEx_Calibration_Start:00000000000000a4 $d
     /tmp/ccS1GlwB.s:169    .text.HAL_ADCEx_Calibration_GetValue:0000000000000000 $t
     /tmp/ccS1GlwB.s:176    .text.HAL_ADCEx_Calibration_GetValue:0000000000000000 HAL_ADCEx_Calibration_GetValue
     /tmp/ccS1GlwB.s:198    .text.HAL_ADCEx_Calibration_SetValue:0000000000000000 $t
     /tmp/ccS1GlwB.s:205    .text.HAL_ADCEx_Calibration_SetValue:0000000000000000 HAL_ADCEx_Calibration_SetValue
     /tmp/ccS1GlwB.s:300    .text.HAL_ADCEx_EnableVREFINT:0000000000000000 $t
     /tmp/ccS1GlwB.s:307    .text.HAL_ADCEx_EnableVREFINT:0000000000000000 HAL_ADCEx_EnableVREFINT
     /tmp/ccS1GlwB.s:357    .text.HAL_ADCEx_EnableVREFINT:0000000000000030 $d
     /tmp/ccS1GlwB.s:362    .text.HAL_ADCEx_DisableVREFINT:0000000000000000 $t
     /tmp/ccS1GlwB.s:369    .text.HAL_ADCEx_DisableVREFINT:0000000000000000 HAL_ADCEx_DisableVREFINT
     /tmp/ccS1GlwB.s:388    .text.HAL_ADCEx_DisableVREFINT:000000000000000c $d
     /tmp/ccS1GlwB.s:394    .text.HAL_ADCEx_EnableVREFINTTempSensor:0000000000000000 $t
     /tmp/ccS1GlwB.s:401    .text.HAL_ADCEx_EnableVREFINTTempSensor:0000000000000000 HAL_ADCEx_EnableVREFINTTempSensor
     /tmp/ccS1GlwB.s:451    .text.HAL_ADCEx_EnableVREFINTTempSensor:0000000000000030 $d
     /tmp/ccS1GlwB.s:456    .text.HAL_ADCEx_DisableVREFINTTempSensor:0000000000000000 $t
     /tmp/ccS1GlwB.s:463    .text.HAL_ADCEx_DisableVREFINTTempSensor:0000000000000000 HAL_ADCEx_DisableVREFINTTempSensor
     /tmp/ccS1GlwB.s:482    .text.HAL_ADCEx_DisableVREFINTTempSensor:000000000000000c $d
                     .debug_frame:0000000000000010 $d

UNDEFINED SYMBOLS
HAL_GetTick
